{"/Volumes/Disk2/Code/TrendMap/src/AdminDataHealthScreen.tsx": {"path":"/Volumes/Disk2/Code/TrendMap/src/AdminDataHealthScreen.tsx","statementMap":{"0":{"start":{"line":7,"column":18},"end":{"line":7,"column":null}},"1":{"start":{"line":8,"column":18},"end":{"line":8,"column":null}},"2":{"start":{"line":10,"column":19},"end":{"line":17,"column":null}},"3":{"start":{"line":11,"column":4},"end":{"line":11,"column":null}},"4":{"start":{"line":12,"column":4},"end":{"line":16,"column":null}},"5":{"start":{"line":13,"column":6},"end":{"line":13,"column":null}},"6":{"start":{"line":15,"column":6},"end":{"line":15,"column":null}},"7":{"start":{"line":19,"column":2},"end":{"line":21,"column":null}},"8":{"start":{"line":20,"column":4},"end":{"line":20,"column":null}},"9":{"start":{"line":23,"column":18},"end":{"line":23,"column":null}},"10":{"start":{"line":25,"column":2},"end":{"line":97,"column":null}},"11":{"start":{"line":64,"column":12},"end":{"line":73,"column":null}},"12":{"start":{"line":87,"column":12},"end":{"line":93,"column":null}}},"fnMap":{"0":{"name":"AdminDataHealthScreen","decl":{"start":{"line":6,"column":24},"end":{"line":6,"column":48}},"loc":{"start":{"line":6,"column":48},"end":{"line":99,"column":null}},"line":6},"1":{"name":"(anonymous_1)","decl":{"start":{"line":10,"column":19},"end":{"line":10,"column":31}},"loc":{"start":{"line":10,"column":31},"end":{"line":17,"column":null}},"line":10},"2":{"name":"(anonymous_2)","decl":{"start":{"line":19,"column":2},"end":{"line":19,"column":18}},"loc":{"start":{"line":19,"column":18},"end":{"line":21,"column":5}},"line":19},"3":{"name":"(anonymous_3)","decl":{"start":{"line":63,"column":27},"end":{"line":63,"column":32}},"loc":{"start":{"line":64,"column":12},"end":{"line":73,"column":null}},"line":64},"4":{"name":"(anonymous_4)","decl":{"start":{"line":86,"column":33},"end":{"line":86,"column":38}},"loc":{"start":{"line":87,"column":12},"end":{"line":93,"column":null}},"line":87}},"branchMap":{"0":{"loc":{"start":{"line":38,"column":11},"end":{"line":38,"column":null}},"type":"cond-expr","locations":[{"start":{"line":38,"column":21},"end":{"line":38,"column":34}},{"start":{"line":38,"column":34},"end":{"line":38,"column":null}}],"line":38},"1":{"loc":{"start":{"line":45,"column":82},"end":{"line":45,"column":null}},"type":"cond-expr","locations":[{"start":{"line":45,"column":92},"end":{"line":45,"column":111}},{"start":{"line":45,"column":111},"end":{"line":45,"column":null}}],"line":45},"2":{"loc":{"start":{"line":46,"column":13},"end":{"line":47,"column":22}},"type":"cond-expr","locations":[{"start":{"line":46,"column":23},"end":{"line":46,"column":53}},{"start":{"line":46,"column":52},"end":{"line":47,"column":22}}],"line":46},"3":{"loc":{"start":{"line":47,"column":13},"end":{"line":47,"column":null}},"type":"binary-expr","locations":[{"start":{"line":47,"column":13},"end":{"line":47,"column":32}},{"start":{"line":47,"column":32},"end":{"line":47,"column":null}}],"line":47},"4":{"loc":{"start":{"line":52,"column":60},"end":{"line":52,"column":88}},"type":"binary-expr","locations":[{"start":{"line":52,"column":60},"end":{"line":52,"column":83}},{"start":{"line":52,"column":83},"end":{"line":52,"column":88}}],"line":52},"5":{"loc":{"start":{"line":56,"column":60},"end":{"line":56,"column":87}},"type":"binary-expr","locations":[{"start":{"line":56,"column":60},"end":{"line":56,"column":82}},{"start":{"line":56,"column":82},"end":{"line":56,"column":87}}],"line":56},"6":{"loc":{"start":{"line":66,"column":69},"end":{"line":66,"column":null}},"type":"cond-expr","locations":[{"start":{"line":66,"column":98},"end":{"line":66,"column":115}},{"start":{"line":66,"column":115},"end":{"line":66,"column":null}}],"line":66},"7":{"loc":{"start":{"line":70,"column":17},"end":{"line":70,"column":null}},"type":"binary-expr","locations":[{"start":{"line":70,"column":17},"end":{"line":70,"column":35}},{"start":{"line":70,"column":35},"end":{"line":70,"column":null}}],"line":70},"8":{"loc":{"start":{"line":64,"column":45},"end":{"line":64,"column":72}},"type":"binary-expr","locations":[{"start":{"line":64,"column":45},"end":{"line":64,"column":63}},{"start":{"line":64,"column":63},"end":{"line":64,"column":72}}],"line":64},"9":{"loc":{"start":{"line":75,"column":11},"end":{"line":80,"column":null}},"type":"binary-expr","locations":[{"start":{"line":75,"column":11},"end":{"line":75,"column":22}},{"start":{"line":75,"column":22},"end":{"line":75,"column":null}},{"start":{"line":76,"column":12},"end":{"line":80,"column":null}}],"line":75},"10":{"loc":{"start":{"line":92,"column":72},"end":{"line":92,"column":93}},"type":"binary-expr","locations":[{"start":{"line":92,"column":72},"end":{"line":92,"column":91}},{"start":{"line":92,"column":91},"end":{"line":92,"column":93}}],"line":92}},"s":{"0":11,"1":11,"2":11,"3":4,"4":4,"5":4,"6":4,"7":11,"8":3,"9":11,"10":11,"11":1,"12":3},"f":{"0":11,"1":4,"2":3,"3":1,"4":3},"b":{"0":[4,7],"1":[4,7],"2":[4,7],"3":[11,6],"4":[11,11],"5":[11,11],"6":[0,1],"7":[1,1],"8":[1,0],"9":[11,5,4],"10":[3,1]},"meta":{"lastBranch":11,"lastFunction":5,"lastStatement":13,"seen":{"f:6:24:6:48":0,"s:7:18:7:Infinity":0,"s:8:18:8:Infinity":1,"s:10:19:17:Infinity":2,"f:10:19:10:31":1,"s:11:4:11:Infinity":3,"s:12:4:16:Infinity":4,"s:13:6:13:Infinity":5,"s:15:6:15:Infinity":6,"s:19:2:21:Infinity":7,"f:19:2:19:18":2,"s:20:4:20:Infinity":8,"s:23:18:23:Infinity":9,"s:25:2:97:Infinity":10,"b:38:21:38:34:38:34:38:Infinity":0,"b:45:92:45:111:45:111:45:Infinity":1,"b:46:23:46:53:46:52:47:22":2,"b:47:13:47:32:47:32:47:Infinity":3,"b:52:60:52:83:52:83:52:88":4,"b:56:60:56:82:56:82:56:87":5,"f:63:27:63:32":3,"s:64:12:73:Infinity":11,"b:66:98:66:115:66:115:66:Infinity":6,"b:70:17:70:35:70:35:70:Infinity":7,"b:64:45:64:63:64:63:64:72":8,"b:75:11:75:22:75:22:75:Infinity:76:12:80:Infinity":9,"f:86:33:86:38":4,"s:87:12:93:Infinity":12,"b:92:72:92:91:92:91:92:93":10},"fnNames":{}}}
,"/Volumes/Disk2/Code/TrendMap/src/AgentActivityScreen.tsx": {"path":"/Volumes/Disk2/Code/TrendMap/src/AgentActivityScreen.tsx","statementMap":{"0":{"start":{"line":7,"column":6},"end":{"line":128,"column":null}},"1":{"start":{"line":8,"column":21},"end":{"line":8,"column":null}},"2":{"start":{"line":9,"column":20},"end":{"line":9,"column":null}},"3":{"start":{"line":10,"column":23},"end":{"line":10,"column":null}},"4":{"start":{"line":12,"column":26},"end":{"line":15,"column":null}},"5":{"start":{"line":13,"column":17},"end":{"line":13,"column":null}},"6":{"start":{"line":14,"column":4},"end":{"line":14,"column":null}},"7":{"start":{"line":17,"column":2},"end":{"line":34,"column":null}},"8":{"start":{"line":18,"column":17},"end":{"line":18,"column":null}},"9":{"start":{"line":19,"column":27},"end":{"line":26,"column":null}},"10":{"start":{"line":20,"column":6},"end":{"line":25,"column":null}},"11":{"start":{"line":21,"column":21},"end":{"line":21,"column":null}},"12":{"start":{"line":22,"column":8},"end":{"line":22,"column":null}},"13":{"start":{"line":22,"column":20},"end":{"line":22,"column":null}},"14":{"start":{"line":24,"column":8},"end":{"line":24,"column":null}},"15":{"start":{"line":28,"column":4},"end":{"line":28,"column":null}},"16":{"start":{"line":29,"column":21},"end":{"line":29,"column":null}},"17":{"start":{"line":30,"column":4},"end":{"line":33,"column":null}},"18":{"start":{"line":31,"column":6},"end":{"line":31,"column":null}},"19":{"start":{"line":32,"column":6},"end":{"line":32,"column":null}},"20":{"start":{"line":36,"column":27},"end":{"line":49,"column":null}},"21":{"start":{"line":37,"column":4},"end":{"line":37,"column":null}},"22":{"start":{"line":38,"column":4},"end":{"line":38,"column":null}},"23":{"start":{"line":39,"column":4},"end":{"line":48,"column":null}},"24":{"start":{"line":40,"column":6},"end":{"line":40,"column":null}},"25":{"start":{"line":41,"column":6},"end":{"line":41,"column":null}},"26":{"start":{"line":42,"column":6},"end":{"line":42,"column":null}},"27":{"start":{"line":44,"column":6},"end":{"line":44,"column":null}},"28":{"start":{"line":45,"column":6},"end":{"line":45,"column":null}},"29":{"start":{"line":47,"column":6},"end":{"line":47,"column":null}},"30":{"start":{"line":51,"column":8},"end":{"line":58,"column":null}},"31":{"start":{"line":52,"column":4},"end":{"line":57,"column":null}},"32":{"start":{"line":53,"column":22},"end":{"line":53,"column":null}},"33":{"start":{"line":54,"column":24},"end":{"line":54,"column":null}},"34":{"start":{"line":55,"column":21},"end":{"line":55,"column":null}},"35":{"start":{"line":56,"column":15},"end":{"line":56,"column":null}},"36":{"start":{"line":60,"column":2},"end":{"line":126,"column":null}},"37":{"start":{"line":106,"column":14},"end":{"line":121,"column":null}}},"fnMap":{"0":{"name":"(anonymous_0)","decl":{"start":{"line":7,"column":6},"end":{"line":7,"column":44}},"loc":{"start":{"line":7,"column":44},"end":{"line":128,"column":null}},"line":7},"1":{"name":"(anonymous_1)","decl":{"start":{"line":12,"column":26},"end":{"line":12,"column":38}},"loc":{"start":{"line":12,"column":38},"end":{"line":15,"column":null}},"line":12},"2":{"name":"(anonymous_2)","decl":{"start":{"line":17,"column":2},"end":{"line":17,"column":18}},"loc":{"start":{"line":17,"column":18},"end":{"line":34,"column":5}},"line":17},"3":{"name":"(anonymous_3)","decl":{"start":{"line":19,"column":27},"end":{"line":19,"column":39}},"loc":{"start":{"line":19,"column":39},"end":{"line":26,"column":null}},"line":19},"4":{"name":"(anonymous_4)","decl":{"start":{"line":30,"column":4},"end":{"line":30,"column":17}},"loc":{"start":{"line":30,"column":17},"end":{"line":33,"column":null}},"line":30},"5":{"name":"(anonymous_5)","decl":{"start":{"line":36,"column":27},"end":{"line":36,"column":39}},"loc":{"start":{"line":36,"column":39},"end":{"line":49,"column":null}},"line":36},"6":{"name":"(anonymous_6)","decl":{"start":{"line":51,"column":8},"end":{"line":51,"column":25}},"loc":{"start":{"line":51,"column":44},"end":{"line":58,"column":null}},"line":51},"7":{"name":"(anonymous_7)","decl":{"start":{"line":105,"column":23},"end":{"line":105,"column":27}},"loc":{"start":{"line":106,"column":14},"end":{"line":121,"column":null}},"line":106}},"branchMap":{"0":{"loc":{"start":{"line":22,"column":8},"end":{"line":22,"column":null}},"type":"if","locations":[{"start":{"line":22,"column":8},"end":{"line":22,"column":null}},{"start":{},"end":{}}],"line":22},"1":{"loc":{"start":{"line":52,"column":4},"end":{"line":57,"column":null}},"type":"switch","locations":[{"start":{"line":53,"column":6},"end":{"line":53,"column":null}},{"start":{"line":54,"column":6},"end":{"line":54,"column":null}},{"start":{"line":55,"column":6},"end":{"line":55,"column":null}},{"start":{"line":56,"column":6},"end":{"line":56,"column":null}}],"line":52},"2":{"loc":{"start":{"line":74,"column":11},"end":{"line":75,"column":23}},"type":"cond-expr","locations":[{"start":{"line":74,"column":23},"end":{"line":74,"column":71}},{"start":{"line":74,"column":70},"end":{"line":75,"column":23}}],"line":74},"3":{"loc":{"start":{"line":75,"column":11},"end":{"line":75,"column":null}},"type":"cond-expr","locations":[{"start":{"line":75,"column":23},"end":{"line":75,"column":45}},{"start":{"line":75,"column":45},"end":{"line":75,"column":null}}],"line":75},"4":{"loc":{"start":{"line":79,"column":7},"end":{"line":86,"column":null}},"type":"binary-expr","locations":[{"start":{"line":79,"column":7},"end":{"line":79,"column":null}},{"start":{"line":80,"column":8},"end":{"line":86,"column":null}}],"line":79},"5":{"loc":{"start":{"line":81,"column":10},"end":{"line":83,"column":null}},"type":"cond-expr","locations":[{"start":{"line":82,"column":14},"end":{"line":82,"column":null}},{"start":{"line":83,"column":14},"end":{"line":83,"column":null}}],"line":81},"6":{"loc":{"start":{"line":100,"column":11},"end":{"line":122,"column":null}},"type":"cond-expr","locations":[{"start":{"line":101,"column":12},"end":{"line":105,"column":23}},{"start":{"line":105,"column":12},"end":{"line":122,"column":null}}],"line":100}},"s":{"0":2,"1":11,"2":11,"3":11,"4":11,"5":1,"6":1,"7":11,"8":3,"9":3,"10":3,"11":3,"12":3,"13":3,"14":0,"15":3,"16":3,"17":3,"18":3,"19":3,"20":11,"21":2,"22":2,"23":2,"24":2,"25":1,"26":1,"27":1,"28":1,"29":2,"30":11,"31":1,"32":0,"33":1,"34":0,"35":0,"36":11,"37":1},"f":{"0":11,"1":1,"2":3,"3":3,"4":3,"5":2,"6":1,"7":1},"b":{"0":[3,0],"1":[0,1,0,0],"2":[3,8],"3":[3,8],"4":[11,5],"5":[3,2],"6":[10,1]},"meta":{"lastBranch":7,"lastFunction":8,"lastStatement":38,"seen":{"s:7:6:128:Infinity":0,"f:7:6:7:44":0,"s:8:21:8:Infinity":1,"s:9:20:9:Infinity":2,"s:10:23:10:Infinity":3,"s:12:26:15:Infinity":4,"f:12:26:12:38":1,"s:13:17:13:Infinity":5,"s:14:4:14:Infinity":6,"s:17:2:34:Infinity":7,"f:17:2:17:18":2,"s:18:17:18:Infinity":8,"s:19:27:26:Infinity":9,"f:19:27:19:39":3,"s:20:6:25:Infinity":10,"s:21:21:21:Infinity":11,"b:22:8:22:Infinity:undefined:undefined:undefined:undefined":0,"s:22:8:22:Infinity":12,"s:22:20:22:Infinity":13,"s:24:8:24:Infinity":14,"s:28:4:28:Infinity":15,"s:29:21:29:Infinity":16,"s:30:4:33:Infinity":17,"f:30:4:30:17":4,"s:31:6:31:Infinity":18,"s:32:6:32:Infinity":19,"s:36:27:49:Infinity":20,"f:36:27:36:39":5,"s:37:4:37:Infinity":21,"s:38:4:38:Infinity":22,"s:39:4:48:Infinity":23,"s:40:6:40:Infinity":24,"s:41:6:41:Infinity":25,"s:42:6:42:Infinity":26,"s:44:6:44:Infinity":27,"s:45:6:45:Infinity":28,"s:47:6:47:Infinity":29,"s:51:8:58:Infinity":30,"f:51:8:51:25":6,"b:53:6:53:Infinity:54:6:54:Infinity:55:6:55:Infinity:56:6:56:Infinity":1,"s:52:4:57:Infinity":31,"s:53:22:53:Infinity":32,"s:54:24:54:Infinity":33,"s:55:21:55:Infinity":34,"s:56:15:56:Infinity":35,"s:60:2:126:Infinity":36,"b:74:23:74:71:74:70:75:23":2,"b:75:23:75:45:75:45:75:Infinity":3,"b:79:7:79:Infinity:80:8:86:Infinity":4,"b:82:14:82:Infinity:83:14:83:Infinity":5,"b:101:12:105:23:105:12:122:Infinity":6,"f:105:23:105:27":7,"s:106:14:121:Infinity":37},"fnNames":{}}}
,"/Volumes/Disk2/Code/TrendMap/src/AgentDebateScreen.tsx": {"path":"/Volumes/Disk2/Code/TrendMap/src/AgentDebateScreen.tsx","statementMap":{"0":{"start":{"line":6,"column":6},"end":{"line":121,"column":null}},"1":{"start":{"line":7,"column":18},"end":{"line":7,"column":null}},"2":{"start":{"line":9,"column":2},"end":{"line":26,"column":null}},"3":{"start":{"line":10,"column":17},"end":{"line":10,"column":null}},"4":{"start":{"line":11,"column":25},"end":{"line":18,"column":null}},"5":{"start":{"line":12,"column":6},"end":{"line":17,"column":null}},"6":{"start":{"line":13,"column":21},"end":{"line":13,"column":null}},"7":{"start":{"line":14,"column":8},"end":{"line":14,"column":null}},"8":{"start":{"line":14,"column":20},"end":{"line":14,"column":null}},"9":{"start":{"line":16,"column":8},"end":{"line":16,"column":null}},"10":{"start":{"line":20,"column":4},"end":{"line":20,"column":null}},"11":{"start":{"line":21,"column":21},"end":{"line":21,"column":null}},"12":{"start":{"line":22,"column":4},"end":{"line":25,"column":null}},"13":{"start":{"line":23,"column":6},"end":{"line":23,"column":null}},"14":{"start":{"line":24,"column":6},"end":{"line":24,"column":null}},"15":{"start":{"line":28,"column":8},"end":{"line":36,"column":null}},"16":{"start":{"line":29,"column":4},"end":{"line":35,"column":null}},"17":{"start":{"line":30,"column":29},"end":{"line":30,"column":null}},"18":{"start":{"line":31,"column":30},"end":{"line":31,"column":null}},"19":{"start":{"line":32,"column":30},"end":{"line":32,"column":null}},"20":{"start":{"line":33,"column":29},"end":{"line":33,"column":null}},"21":{"start":{"line":34,"column":15},"end":{"line":34,"column":null}},"22":{"start":{"line":38,"column":2},"end":{"line":119,"column":null}},"23":{"start":{"line":55,"column":12},"end":{"line":115,"column":null}},"24":{"start":{"line":78,"column":18},"end":{"line":93,"column":null}}},"fnMap":{"0":{"name":"(anonymous_0)","decl":{"start":{"line":6,"column":6},"end":{"line":6,"column":42}},"loc":{"start":{"line":6,"column":42},"end":{"line":121,"column":null}},"line":6},"1":{"name":"(anonymous_1)","decl":{"start":{"line":9,"column":2},"end":{"line":9,"column":18}},"loc":{"start":{"line":9,"column":18},"end":{"line":26,"column":5}},"line":9},"2":{"name":"(anonymous_2)","decl":{"start":{"line":11,"column":25},"end":{"line":11,"column":37}},"loc":{"start":{"line":11,"column":37},"end":{"line":18,"column":null}},"line":11},"3":{"name":"(anonymous_3)","decl":{"start":{"line":22,"column":4},"end":{"line":22,"column":17}},"loc":{"start":{"line":22,"column":17},"end":{"line":25,"column":null}},"line":22},"4":{"name":"(anonymous_4)","decl":{"start":{"line":28,"column":8},"end":{"line":28,"column":25}},"loc":{"start":{"line":28,"column":42},"end":{"line":36,"column":null}},"line":28},"5":{"name":"(anonymous_5)","decl":{"start":{"line":54,"column":19},"end":{"line":54,"column":23}},"loc":{"start":{"line":55,"column":12},"end":{"line":115,"column":null}},"line":55},"6":{"name":"(anonymous_6)","decl":{"start":{"line":77,"column":33},"end":{"line":77,"column":38}},"loc":{"start":{"line":78,"column":18},"end":{"line":93,"column":null}},"line":78}},"branchMap":{"0":{"loc":{"start":{"line":14,"column":8},"end":{"line":14,"column":null}},"type":"if","locations":[{"start":{"line":14,"column":8},"end":{"line":14,"column":null}},{"start":{},"end":{}}],"line":14},"1":{"loc":{"start":{"line":29,"column":4},"end":{"line":35,"column":null}},"type":"switch","locations":[{"start":{"line":30,"column":6},"end":{"line":30,"column":null}},{"start":{"line":31,"column":6},"end":{"line":31,"column":null}},{"start":{"line":32,"column":6},"end":{"line":32,"column":null}},{"start":{"line":33,"column":6},"end":{"line":33,"column":null}},{"start":{"line":34,"column":6},"end":{"line":34,"column":null}}],"line":29},"2":{"loc":{"start":{"line":47,"column":7},"end":{"line":119,"column":null}},"type":"cond-expr","locations":[{"start":{"line":48,"column":8},"end":{"line":53,"column":9}},{"start":{"line":53,"column":8},"end":{"line":119,"column":null}}],"line":47},"3":{"loc":{"start":{"line":63,"column":19},"end":{"line":70,"column":null}},"type":"cond-expr","locations":[{"start":{"line":64,"column":20},"end":{"line":68,"column":21}},{"start":{"line":68,"column":20},"end":{"line":70,"column":null}}],"line":63},"4":{"loc":{"start":{"line":98,"column":15},"end":{"line":113,"column":null}},"type":"binary-expr","locations":[{"start":{"line":98,"column":15},"end":{"line":98,"column":null}},{"start":{"line":99,"column":16},"end":{"line":113,"column":null}}],"line":98},"5":{"loc":{"start":{"line":105,"column":19},"end":{"line":111,"column":null}},"type":"binary-expr","locations":[{"start":{"line":105,"column":19},"end":{"line":105,"column":null}},{"start":{"line":106,"column":20},"end":{"line":111,"column":null}}],"line":105},"6":{"loc":{"start":{"line":108,"column":39},"end":{"line":108,"column":null}},"type":"cond-expr","locations":[{"start":{"line":108,"column":68},"end":{"line":108,"column":85}},{"start":{"line":108,"column":85},"end":{"line":108,"column":null}}],"line":108},"7":{"loc":{"start":{"line":109,"column":25},"end":{"line":109,"column":64}},"type":"cond-expr","locations":[{"start":{"line":109,"column":54},"end":{"line":109,"column":60}},{"start":{"line":109,"column":60},"end":{"line":109,"column":64}}],"line":109}},"s":{"0":2,"1":4,"2":4,"3":2,"4":2,"5":2,"6":2,"7":2,"8":2,"9":0,"10":2,"11":2,"12":2,"13":2,"14":2,"15":4,"16":4,"17":0,"18":2,"19":0,"20":2,"21":0,"22":4,"23":2,"24":2},"f":{"0":4,"1":2,"2":2,"3":2,"4":4,"5":2,"6":2},"b":{"0":[2,0],"1":[0,2,0,2,0],"2":[3,1],"3":[1,1],"4":[2,1],"5":[1,0],"6":[0,0],"7":[0,0]},"meta":{"lastBranch":8,"lastFunction":7,"lastStatement":25,"seen":{"s:6:6:121:Infinity":0,"f:6:6:6:42":0,"s:7:18:7:Infinity":1,"s:9:2:26:Infinity":2,"f:9:2:9:18":1,"s:10:17:10:Infinity":3,"s:11:25:18:Infinity":4,"f:11:25:11:37":2,"s:12:6:17:Infinity":5,"s:13:21:13:Infinity":6,"b:14:8:14:Infinity:undefined:undefined:undefined:undefined":0,"s:14:8:14:Infinity":7,"s:14:20:14:Infinity":8,"s:16:8:16:Infinity":9,"s:20:4:20:Infinity":10,"s:21:21:21:Infinity":11,"s:22:4:25:Infinity":12,"f:22:4:22:17":3,"s:23:6:23:Infinity":13,"s:24:6:24:Infinity":14,"s:28:8:36:Infinity":15,"f:28:8:28:25":4,"b:30:6:30:Infinity:31:6:31:Infinity:32:6:32:Infinity:33:6:33:Infinity:34:6:34:Infinity":1,"s:29:4:35:Infinity":16,"s:30:29:30:Infinity":17,"s:31:30:31:Infinity":18,"s:32:30:32:Infinity":19,"s:33:29:33:Infinity":20,"s:34:15:34:Infinity":21,"s:38:2:119:Infinity":22,"b:48:8:53:9:53:8:119:Infinity":2,"f:54:19:54:23":5,"s:55:12:115:Infinity":23,"b:64:20:68:21:68:20:70:Infinity":3,"f:77:33:77:38":6,"s:78:18:93:Infinity":24,"b:98:15:98:Infinity:99:16:113:Infinity":4,"b:105:19:105:Infinity:106:20:111:Infinity":5,"b:108:68:108:85:108:85:108:Infinity":6,"b:109:54:109:60:109:60:109:64":7},"fnNames":{}}}
,"/Volumes/Disk2/Code/TrendMap/src/AlertsScreen.tsx": {"path":"/Volumes/Disk2/Code/TrendMap/src/AlertsScreen.tsx","statementMap":{"0":{"start":{"line":7,"column":17},"end":{"line":7,"column":null}},"1":{"start":{"line":8,"column":25},"end":{"line":8,"column":null}},"2":{"start":{"line":9,"column":18},"end":{"line":9,"column":null}},"3":{"start":{"line":11,"column":19},"end":{"line":18,"column":null}},"4":{"start":{"line":12,"column":4},"end":{"line":17,"column":null}},"5":{"start":{"line":13,"column":22},"end":{"line":13,"column":null}},"6":{"start":{"line":14,"column":6},"end":{"line":14,"column":null}},"7":{"start":{"line":16,"column":6},"end":{"line":16,"column":null}},"8":{"start":{"line":20,"column":2},"end":{"line":22,"column":null}},"9":{"start":{"line":21,"column":4},"end":{"line":21,"column":null}},"10":{"start":{"line":24,"column":28},"end":{"line":27,"column":null}},"11":{"start":{"line":25,"column":4},"end":{"line":25,"column":null}},"12":{"start":{"line":26,"column":4},"end":{"line":26,"column":null}},"13":{"start":{"line":29,"column":2},"end":{"line":29,"column":null}},"14":{"start":{"line":29,"column":15},"end":{"line":29,"column":null}},"15":{"start":{"line":31,"column":25},"end":{"line":31,"column":null}},"16":{"start":{"line":31,"column":44},"end":{"line":31,"column":101}},"17":{"start":{"line":33,"column":2},"end":{"line":116,"column":null}},"18":{"start":{"line":42,"column":29},"end":{"line":42,"column":null}},"19":{"start":{"line":64,"column":14},"end":{"line":111,"column":null}},"20":{"start":{"line":105,"column":35},"end":{"line":105,"column":null}}},"fnMap":{"0":{"name":"AlertsScreen","decl":{"start":{"line":6,"column":24},"end":{"line":6,"column":39}},"loc":{"start":{"line":6,"column":39},"end":{"line":118,"column":null}},"line":6},"1":{"name":"(anonymous_1)","decl":{"start":{"line":11,"column":19},"end":{"line":11,"column":31}},"loc":{"start":{"line":11,"column":31},"end":{"line":18,"column":null}},"line":11},"2":{"name":"(anonymous_2)","decl":{"start":{"line":20,"column":2},"end":{"line":20,"column":18}},"loc":{"start":{"line":20,"column":18},"end":{"line":22,"column":5}},"line":20},"3":{"name":"(anonymous_3)","decl":{"start":{"line":24,"column":28},"end":{"line":24,"column":35}},"loc":{"start":{"line":24,"column":52},"end":{"line":27,"column":null}},"line":24},"4":{"name":"(anonymous_4)","decl":{"start":{"line":31,"column":32},"end":{"line":31,"column":39}},"loc":{"start":{"line":31,"column":44},"end":{"line":31,"column":101}},"line":31},"5":{"name":"(anonymous_5)","decl":{"start":{"line":42,"column":12},"end":{"line":42,"column":23}},"loc":{"start":{"line":42,"column":29},"end":{"line":42,"column":null}},"line":42},"6":{"name":"(anonymous_6)","decl":{"start":{"line":63,"column":27},"end":{"line":63,"column":31}},"loc":{"start":{"line":64,"column":14},"end":{"line":111,"column":null}},"line":64},"7":{"name":"(anonymous_7)","decl":{"start":{"line":105,"column":20},"end":{"line":105,"column":35}},"loc":{"start":{"line":105,"column":35},"end":{"line":105,"column":null}},"line":105}},"branchMap":{"0":{"loc":{"start":{"line":29,"column":2},"end":{"line":29,"column":null}},"type":"if","locations":[{"start":{"line":29,"column":2},"end":{"line":29,"column":null}},{"start":{},"end":{}}],"line":29},"1":{"loc":{"start":{"line":31,"column":44},"end":{"line":31,"column":101}},"type":"binary-expr","locations":[{"start":{"line":31,"column":44},"end":{"line":31,"column":72}},{"start":{"line":31,"column":72},"end":{"line":31,"column":101}}],"line":31},"2":{"loc":{"start":{"line":56,"column":7},"end":{"line":116,"column":null}},"type":"cond-expr","locations":[{"start":{"line":57,"column":8},"end":{"line":59,"column":9}},{"start":{"line":59,"column":8},"end":{"line":116,"column":null}}],"line":56},"3":{"loc":{"start":{"line":60,"column":11},"end":{"line":112,"column":null}},"type":"cond-expr","locations":[{"start":{"line":61,"column":12},"end":{"line":63,"column":27}},{"start":{"line":63,"column":12},"end":{"line":112,"column":null}}],"line":60},"4":{"loc":{"start":{"line":67,"column":18},"end":{"line":72,"column":null}},"type":"cond-expr","locations":[{"start":{"line":67,"column":50},"end":{"line":67,"column":null}},{"start":{"line":68,"column":18},"end":{"line":72,"column":null}}],"line":67},"5":{"loc":{"start":{"line":68,"column":18},"end":{"line":72,"column":null}},"type":"cond-expr","locations":[{"start":{"line":68,"column":46},"end":{"line":68,"column":null}},{"start":{"line":69,"column":18},"end":{"line":72,"column":null}}],"line":68},"6":{"loc":{"start":{"line":69,"column":18},"end":{"line":72,"column":null}},"type":"cond-expr","locations":[{"start":{"line":69,"column":49},"end":{"line":69,"column":null}},{"start":{"line":70,"column":18},"end":{"line":72,"column":null}}],"line":69},"7":{"loc":{"start":{"line":70,"column":18},"end":{"line":72,"column":null}},"type":"cond-expr","locations":[{"start":{"line":70,"column":48},"end":{"line":70,"column":null}},{"start":{"line":71,"column":18},"end":{"line":72,"column":null}}],"line":70},"8":{"loc":{"start":{"line":71,"column":18},"end":{"line":72,"column":null}},"type":"cond-expr","locations":[{"start":{"line":71,"column":45},"end":{"line":71,"column":null}},{"start":{"line":72,"column":18},"end":{"line":72,"column":null}}],"line":71},"9":{"loc":{"start":{"line":73,"column":20},"end":{"line":73,"column":null}},"type":"cond-expr","locations":[{"start":{"line":73,"column":41},"end":{"line":73,"column":56}},{"start":{"line":73,"column":56},"end":{"line":73,"column":null}}],"line":73},"10":{"loc":{"start":{"line":78,"column":22},"end":{"line":83,"column":null}},"type":"cond-expr","locations":[{"start":{"line":78,"column":54},"end":{"line":78,"column":null}},{"start":{"line":79,"column":22},"end":{"line":83,"column":null}}],"line":78},"11":{"loc":{"start":{"line":79,"column":22},"end":{"line":83,"column":null}},"type":"cond-expr","locations":[{"start":{"line":79,"column":50},"end":{"line":79,"column":null}},{"start":{"line":80,"column":22},"end":{"line":83,"column":null}}],"line":79},"12":{"loc":{"start":{"line":80,"column":22},"end":{"line":83,"column":null}},"type":"cond-expr","locations":[{"start":{"line":80,"column":53},"end":{"line":80,"column":null}},{"start":{"line":81,"column":22},"end":{"line":83,"column":null}}],"line":80},"13":{"loc":{"start":{"line":81,"column":22},"end":{"line":83,"column":null}},"type":"cond-expr","locations":[{"start":{"line":81,"column":52},"end":{"line":81,"column":null}},{"start":{"line":82,"column":22},"end":{"line":83,"column":null}}],"line":81},"14":{"loc":{"start":{"line":82,"column":22},"end":{"line":83,"column":null}},"type":"cond-expr","locations":[{"start":{"line":82,"column":49},"end":{"line":82,"column":null}},{"start":{"line":83,"column":22},"end":{"line":83,"column":null}}],"line":82},"15":{"loc":{"start":{"line":91,"column":21},"end":{"line":91,"column":null}},"type":"binary-expr","locations":[{"start":{"line":91,"column":21},"end":{"line":91,"column":43}},{"start":{"line":91,"column":43},"end":{"line":91,"column":null}}],"line":91},"16":{"loc":{"start":{"line":93,"column":71},"end":{"line":93,"column":104}},"type":"binary-expr","locations":[{"start":{"line":93,"column":71},"end":{"line":93,"column":86}},{"start":{"line":93,"column":86},"end":{"line":93,"column":104}}],"line":93},"17":{"loc":{"start":{"line":98,"column":21},"end":{"line":98,"column":null}},"type":"binary-expr","locations":[{"start":{"line":98,"column":21},"end":{"line":98,"column":59}},{"start":{"line":98,"column":59},"end":{"line":98,"column":null}}],"line":98},"18":{"loc":{"start":{"line":99,"column":21},"end":{"line":99,"column":null}},"type":"binary-expr","locations":[{"start":{"line":99,"column":21},"end":{"line":99,"column":61}},{"start":{"line":99,"column":61},"end":{"line":99,"column":null}}],"line":99},"19":{"loc":{"start":{"line":100,"column":21},"end":{"line":100,"column":null}},"type":"binary-expr","locations":[{"start":{"line":100,"column":21},"end":{"line":100,"column":59}},{"start":{"line":100,"column":59},"end":{"line":100,"column":null}}],"line":100},"20":{"loc":{"start":{"line":103,"column":17},"end":{"line":111,"column":null}},"type":"binary-expr","locations":[{"start":{"line":103,"column":17},"end":{"line":103,"column":null}},{"start":{"line":104,"column":18},"end":{"line":111,"column":null}}],"line":103}},"s":{"0":7,"1":7,"2":7,"3":7,"4":4,"5":4,"6":4,"7":4,"8":7,"9":3,"10":7,"11":1,"12":1,"13":7,"14":3,"15":4,"16":5,"17":4,"18":1,"19":4,"20":1},"f":{"0":7,"1":4,"2":3,"3":1,"4":5,"5":1,"6":4,"7":1},"b":{"0":[3,4],"1":[5,2],"2":[1,3],"3":[0,3],"4":[3,1],"5":[0,1],"6":[0,1],"7":[0,1],"8":[0,1],"9":[0,4],"10":[3,1],"11":[0,1],"12":[0,1],"13":[0,1],"14":[0,1],"15":[4,0],"16":[4,4],"17":[4,0],"18":[4,0],"19":[4,0],"20":[4,4]},"meta":{"lastBranch":21,"lastFunction":8,"lastStatement":21,"seen":{"f:6:24:6:39":0,"s:7:17:7:Infinity":0,"s:8:25:8:Infinity":1,"s:9:18:9:Infinity":2,"s:11:19:18:Infinity":3,"f:11:19:11:31":1,"s:12:4:17:Infinity":4,"s:13:22:13:Infinity":5,"s:14:6:14:Infinity":6,"s:16:6:16:Infinity":7,"s:20:2:22:Infinity":8,"f:20:2:20:18":2,"s:21:4:21:Infinity":9,"s:24:28:27:Infinity":10,"f:24:28:24:35":3,"s:25:4:25:Infinity":11,"s:26:4:26:Infinity":12,"b:29:2:29:Infinity:undefined:undefined:undefined:undefined":0,"s:29:2:29:Infinity":13,"s:29:15:29:Infinity":14,"s:31:25:31:Infinity":15,"f:31:32:31:39":4,"s:31:44:31:101":16,"b:31:44:31:72:31:72:31:101":1,"s:33:2:116:Infinity":17,"f:42:12:42:23":5,"s:42:29:42:Infinity":18,"b:57:8:59:9:59:8:116:Infinity":2,"b:61:12:63:27:63:12:112:Infinity":3,"f:63:27:63:31":6,"s:64:14:111:Infinity":19,"b:67:50:67:Infinity:68:18:72:Infinity":4,"b:68:46:68:Infinity:69:18:72:Infinity":5,"b:69:49:69:Infinity:70:18:72:Infinity":6,"b:70:48:70:Infinity:71:18:72:Infinity":7,"b:71:45:71:Infinity:72:18:72:Infinity":8,"b:73:41:73:56:73:56:73:Infinity":9,"b:78:54:78:Infinity:79:22:83:Infinity":10,"b:79:50:79:Infinity:80:22:83:Infinity":11,"b:80:53:80:Infinity:81:22:83:Infinity":12,"b:81:52:81:Infinity:82:22:83:Infinity":13,"b:82:49:82:Infinity:83:22:83:Infinity":14,"b:91:21:91:43:91:43:91:Infinity":15,"b:93:71:93:86:93:86:93:104":16,"b:98:21:98:59:98:59:98:Infinity":17,"b:99:21:99:61:99:61:99:Infinity":18,"b:100:21:100:59:100:59:100:Infinity":19,"b:103:17:103:Infinity:104:18:111:Infinity":20,"f:105:20:105:35":7,"s:105:35:105:Infinity":20},"fnNames":{}}}
,"/Volumes/Disk2/Code/TrendMap/src/App.css": {"path":"/Volumes/Disk2/Code/TrendMap/src/App.css","statementMap":{},"fnMap":{},"branchMap":{},"s":{},"f":{},"b":{},"meta":{"lastBranch":0,"lastFunction":0,"lastStatement":0,"seen":{},"fnNames":{}}}
,"/Volumes/Disk2/Code/TrendMap/src/App.tsx": {"path":"/Volumes/Disk2/Code/TrendMap/src/App.tsx","statementMap":{"0":{"start":{"line":30,"column":30},"end":{"line":36,"column":null}},"1":{"start":{"line":32,"column":6},"end":{"line":36,"column":null}},"2":{"start":{"line":33,"column":8},"end":{"line":36,"column":null}},"3":{"start":{"line":45,"column":15},"end":{"line":103,"column":null}},"4":{"start":{"line":105,"column":17},"end":{"line":105,"column":null}},"5":{"start":{"line":105,"column":37},"end":{"line":105,"column":43}},"6":{"start":{"line":108,"column":16},"end":{"line":108,"column":null}},"7":{"start":{"line":109,"column":2},"end":{"line":109,"column":null}},"8":{"start":{"line":109,"column":38},"end":{"line":109,"column":null}},"9":{"start":{"line":111,"column":2},"end":{"line":111,"column":null}},"10":{"start":{"line":111,"column":37},"end":{"line":111,"column":null}},"11":{"start":{"line":112,"column":2},"end":{"line":112,"column":null}},"12":{"start":{"line":112,"column":30},"end":{"line":112,"column":44}},"13":{"start":{"line":116,"column":20},"end":{"line":118,"column":null}},"14":{"start":{"line":117,"column":4},"end":{"line":117,"column":null}},"15":{"start":{"line":119,"column":24},"end":{"line":119,"column":null}},"16":{"start":{"line":122,"column":2},"end":{"line":129,"column":null}},"17":{"start":{"line":123,"column":10},"end":{"line":126,"column":null}},"18":{"start":{"line":124,"column":19},"end":{"line":124,"column":null}},"19":{"start":{"line":125,"column":6},"end":{"line":125,"column":null}},"20":{"start":{"line":127,"column":4},"end":{"line":127,"column":null}},"21":{"start":{"line":128,"column":4},"end":{"line":128,"column":null}},"22":{"start":{"line":128,"column":17},"end":{"line":128,"column":null}},"23":{"start":{"line":131,"column":8},"end":{"line":135,"column":null}},"24":{"start":{"line":132,"column":4},"end":{"line":132,"column":null}},"25":{"start":{"line":133,"column":4},"end":{"line":133,"column":null}},"26":{"start":{"line":134,"column":4},"end":{"line":134,"column":null}},"27":{"start":{"line":137,"column":22},"end":{"line":137,"column":null}},"28":{"start":{"line":137,"column":39},"end":{"line":137,"column":75}},"29":{"start":{"line":137,"column":56},"end":{"line":137,"column":74}},"30":{"start":{"line":139,"column":2},"end":{"line":288,"column":null}},"31":{"start":{"line":145,"column":25},"end":{"line":145,"column":null}},"32":{"start":{"line":157,"column":25},"end":{"line":157,"column":null}},"33":{"start":{"line":176,"column":27},"end":{"line":176,"column":null}},"34":{"start":{"line":188,"column":29},"end":{"line":188,"column":null}},"35":{"start":{"line":189,"column":25},"end":{"line":189,"column":null}},"36":{"start":{"line":190,"column":12},"end":{"line":202,"column":null}},"37":{"start":{"line":193,"column":31},"end":{"line":193,"column":null}},"38":{"start":{"line":210,"column":31},"end":{"line":210,"column":null}},"39":{"start":{"line":232,"column":16},"end":{"line":242,"column":null}},"40":{"start":{"line":234,"column":33},"end":{"line":234,"column":null}}},"fnMap":{"0":{"name":"(anonymous_0)","decl":{"start":{"line":31,"column":4},"end":{"line":31,"column":null}},"loc":{"start":{"line":32,"column":6},"end":{"line":36,"column":null}},"line":32},"1":{"name":"(anonymous_1)","decl":{"start":{"line":32,"column":54},"end":{"line":32,"column":61}},"loc":{"start":{"line":33,"column":8},"end":{"line":36,"column":null}},"line":33},"2":{"name":"(anonymous_2)","decl":{"start":{"line":105,"column":24},"end":{"line":105,"column":32}},"loc":{"start":{"line":105,"column":37},"end":{"line":105,"column":43}},"line":105},"3":{"name":"getTabFromHash","decl":{"start":{"line":107,"column":9},"end":{"line":107,"column":24}},"loc":{"start":{"line":107,"column":43},"end":{"line":113,"column":null}},"line":107},"4":{"name":"(anonymous_4)","decl":{"start":{"line":112,"column":18},"end":{"line":112,"column":24}},"loc":{"start":{"line":112,"column":30},"end":{"line":112,"column":44}},"line":112},"5":{"name":"App","decl":{"start":{"line":115,"column":9},"end":{"line":115,"column":15}},"loc":{"start":{"line":115,"column":15},"end":{"line":290,"column":null}},"line":115},"6":{"name":"(anonymous_6)","decl":{"start":{"line":116,"column":36},"end":{"line":116,"column":null}},"loc":{"start":{"line":117,"column":4},"end":{"line":117,"column":null}},"line":117},"7":{"name":"(anonymous_7)","decl":{"start":{"line":122,"column":2},"end":{"line":122,"column":18}},"loc":{"start":{"line":122,"column":18},"end":{"line":129,"column":5}},"line":122},"8":{"name":"(anonymous_8)","decl":{"start":{"line":123,"column":10},"end":{"line":123,"column":31}},"loc":{"start":{"line":123,"column":31},"end":{"line":126,"column":null}},"line":123},"9":{"name":"(anonymous_9)","decl":{"start":{"line":128,"column":4},"end":{"line":128,"column":17}},"loc":{"start":{"line":128,"column":17},"end":{"line":128,"column":null}},"line":128},"10":{"name":"(anonymous_10)","decl":{"start":{"line":131,"column":8},"end":{"line":131,"column":26}},"loc":{"start":{"line":131,"column":39},"end":{"line":135,"column":null}},"line":131},"11":{"name":"(anonymous_11)","decl":{"start":{"line":137,"column":29},"end":{"line":137,"column":34}},"loc":{"start":{"line":137,"column":39},"end":{"line":137,"column":75}},"line":137},"12":{"name":"(anonymous_12)","decl":{"start":{"line":137,"column":46},"end":{"line":137,"column":51}},"loc":{"start":{"line":137,"column":56},"end":{"line":137,"column":74}},"line":137},"13":{"name":"(anonymous_13)","decl":{"start":{"line":145,"column":10},"end":{"line":145,"column":25}},"loc":{"start":{"line":145,"column":25},"end":{"line":145,"column":null}},"line":145},"14":{"name":"(anonymous_14)","decl":{"start":{"line":157,"column":10},"end":{"line":157,"column":25}},"loc":{"start":{"line":157,"column":25},"end":{"line":157,"column":null}},"line":157},"15":{"name":"(anonymous_15)","decl":{"start":{"line":176,"column":12},"end":{"line":176,"column":27}},"loc":{"start":{"line":176,"column":27},"end":{"line":176,"column":null}},"line":176},"16":{"name":"(anonymous_16)","decl":{"start":{"line":187,"column":18},"end":{"line":187,"column":23}},"loc":{"start":{"line":187,"column":33},"end":{"line":204,"column":11}},"line":187},"17":{"name":"(anonymous_17)","decl":{"start":{"line":193,"column":16},"end":{"line":193,"column":31}},"loc":{"start":{"line":193,"column":31},"end":{"line":193,"column":null}},"line":193},"18":{"name":"(anonymous_18)","decl":{"start":{"line":210,"column":16},"end":{"line":210,"column":31}},"loc":{"start":{"line":210,"column":31},"end":{"line":210,"column":null}},"line":210},"19":{"name":"(anonymous_19)","decl":{"start":{"line":231,"column":32},"end":{"line":231,"column":36}},"loc":{"start":{"line":232,"column":16},"end":{"line":242,"column":null}},"line":232},"20":{"name":"(anonymous_20)","decl":{"start":{"line":234,"column":18},"end":{"line":234,"column":33}},"loc":{"start":{"line":234,"column":33},"end":{"line":234,"column":null}},"line":234}},"branchMap":{"0":{"loc":{"start":{"line":30,"column":30},"end":{"line":36,"column":null}},"type":"cond-expr","locations":[{"start":{"line":30,"column":46},"end":{"line":36,"column":null}},{"start":{"line":36,"column":4},"end":{"line":36,"column":null}}],"line":30},"1":{"loc":{"start":{"line":109,"column":2},"end":{"line":109,"column":null}},"type":"if","locations":[{"start":{"line":109,"column":2},"end":{"line":109,"column":null}},{"start":{},"end":{}}],"line":109},"2":{"loc":{"start":{"line":111,"column":2},"end":{"line":111,"column":null}},"type":"if","locations":[{"start":{"line":111,"column":2},"end":{"line":111,"column":null}},{"start":{},"end":{}}],"line":111},"3":{"loc":{"start":{"line":112,"column":9},"end":{"line":112,"column":null}},"type":"cond-expr","locations":[{"start":{"line":112,"column":48},"end":{"line":112,"column":56}},{"start":{"line":112,"column":56},"end":{"line":112,"column":null}}],"line":112},"4":{"loc":{"start":{"line":117,"column":19},"end":{"line":117,"column":76}},"type":"cond-expr","locations":[{"start":{"line":117,"column":51},"end":{"line":117,"column":74}},{"start":{"line":117,"column":74},"end":{"line":117,"column":76}}],"line":117},"5":{"loc":{"start":{"line":154,"column":7},"end":{"line":159,"column":null}},"type":"binary-expr","locations":[{"start":{"line":154,"column":7},"end":{"line":154,"column":null}},{"start":{"line":155,"column":8},"end":{"line":159,"column":null}}],"line":154},"6":{"loc":{"start":{"line":166,"column":12},"end":{"line":166,"column":null}},"type":"cond-expr","locations":[{"start":{"line":166,"column":28},"end":{"line":166,"column":46}},{"start":{"line":166,"column":46},"end":{"line":166,"column":null}}],"line":166},"7":{"loc":{"start":{"line":195,"column":18},"end":{"line":197,"column":null}},"type":"cond-expr","locations":[{"start":{"line":196,"column":22},"end":{"line":196,"column":null}},{"start":{"line":197,"column":22},"end":{"line":197,"column":null}}],"line":195},"8":{"loc":{"start":{"line":207,"column":11},"end":{"line":219,"column":null}},"type":"binary-expr","locations":[{"start":{"line":207,"column":11},"end":{"line":207,"column":null}},{"start":{"line":208,"column":12},"end":{"line":219,"column":null}}],"line":207},"9":{"loc":{"start":{"line":212,"column":18},"end":{"line":214,"column":null}},"type":"cond-expr","locations":[{"start":{"line":213,"column":22},"end":{"line":213,"column":null}},{"start":{"line":214,"column":22},"end":{"line":214,"column":null}}],"line":212},"10":{"loc":{"start":{"line":228,"column":9},"end":{"line":249,"column":9}},"type":"binary-expr","locations":[{"start":{"line":228,"column":9},"end":{"line":228,"column":47}},{"start":{"line":228,"column":47},"end":{"line":228,"column":null}},{"start":{"line":229,"column":10},"end":{"line":249,"column":9}}],"line":228},"11":{"loc":{"start":{"line":236,"column":20},"end":{"line":238,"column":null}},"type":"cond-expr","locations":[{"start":{"line":237,"column":24},"end":{"line":237,"column":null}},{"start":{"line":238,"column":24},"end":{"line":238,"column":null}}],"line":236},"12":{"loc":{"start":{"line":250,"column":11},"end":{"line":250,"column":null}},"type":"binary-expr","locations":[{"start":{"line":250,"column":11},"end":{"line":250,"column":39}},{"start":{"line":250,"column":39},"end":{"line":250,"column":null}}],"line":250},"13":{"loc":{"start":{"line":251,"column":11},"end":{"line":251,"column":null}},"type":"binary-expr","locations":[{"start":{"line":251,"column":11},"end":{"line":251,"column":39}},{"start":{"line":251,"column":39},"end":{"line":251,"column":null}}],"line":251},"14":{"loc":{"start":{"line":252,"column":11},"end":{"line":252,"column":null}},"type":"binary-expr","locations":[{"start":{"line":252,"column":11},"end":{"line":252,"column":39}},{"start":{"line":252,"column":39},"end":{"line":252,"column":null}}],"line":252},"15":{"loc":{"start":{"line":253,"column":11},"end":{"line":253,"column":null}},"type":"binary-expr","locations":[{"start":{"line":253,"column":11},"end":{"line":253,"column":39}},{"start":{"line":253,"column":39},"end":{"line":253,"column":null}}],"line":253},"16":{"loc":{"start":{"line":254,"column":11},"end":{"line":254,"column":null}},"type":"binary-expr","locations":[{"start":{"line":254,"column":11},"end":{"line":254,"column":39}},{"start":{"line":254,"column":39},"end":{"line":254,"column":null}}],"line":254},"17":{"loc":{"start":{"line":255,"column":11},"end":{"line":255,"column":null}},"type":"binary-expr","locations":[{"start":{"line":255,"column":11},"end":{"line":255,"column":39}},{"start":{"line":255,"column":39},"end":{"line":255,"column":null}}],"line":255},"18":{"loc":{"start":{"line":258,"column":11},"end":{"line":258,"column":null}},"type":"binary-expr","locations":[{"start":{"line":258,"column":11},"end":{"line":258,"column":40}},{"start":{"line":258,"column":40},"end":{"line":258,"column":null}}],"line":258},"19":{"loc":{"start":{"line":259,"column":11},"end":{"line":259,"column":null}},"type":"binary-expr","locations":[{"start":{"line":259,"column":11},"end":{"line":259,"column":36}},{"start":{"line":259,"column":36},"end":{"line":259,"column":null}}],"line":259},"20":{"loc":{"start":{"line":260,"column":11},"end":{"line":260,"column":null}},"type":"binary-expr","locations":[{"start":{"line":260,"column":11},"end":{"line":260,"column":39}},{"start":{"line":260,"column":39},"end":{"line":260,"column":null}}],"line":260},"21":{"loc":{"start":{"line":263,"column":11},"end":{"line":263,"column":null}},"type":"binary-expr","locations":[{"start":{"line":263,"column":11},"end":{"line":263,"column":43}},{"start":{"line":263,"column":43},"end":{"line":263,"column":null}}],"line":263},"22":{"loc":{"start":{"line":264,"column":11},"end":{"line":264,"column":null}},"type":"binary-expr","locations":[{"start":{"line":264,"column":11},"end":{"line":264,"column":43}},{"start":{"line":264,"column":43},"end":{"line":264,"column":null}}],"line":264},"23":{"loc":{"start":{"line":265,"column":11},"end":{"line":265,"column":null}},"type":"binary-expr","locations":[{"start":{"line":265,"column":11},"end":{"line":265,"column":43}},{"start":{"line":265,"column":43},"end":{"line":265,"column":null}}],"line":265},"24":{"loc":{"start":{"line":266,"column":11},"end":{"line":266,"column":null}},"type":"binary-expr","locations":[{"start":{"line":266,"column":11},"end":{"line":266,"column":43}},{"start":{"line":266,"column":43},"end":{"line":266,"column":null}}],"line":266},"25":{"loc":{"start":{"line":267,"column":11},"end":{"line":267,"column":null}},"type":"binary-expr","locations":[{"start":{"line":267,"column":11},"end":{"line":267,"column":43}},{"start":{"line":267,"column":43},"end":{"line":267,"column":null}}],"line":267},"26":{"loc":{"start":{"line":268,"column":11},"end":{"line":268,"column":null}},"type":"binary-expr","locations":[{"start":{"line":268,"column":11},"end":{"line":268,"column":43}},{"start":{"line":268,"column":43},"end":{"line":268,"column":null}}],"line":268},"27":{"loc":{"start":{"line":269,"column":11},"end":{"line":269,"column":null}},"type":"binary-expr","locations":[{"start":{"line":269,"column":11},"end":{"line":269,"column":43}},{"start":{"line":269,"column":43},"end":{"line":269,"column":null}}],"line":269},"28":{"loc":{"start":{"line":270,"column":11},"end":{"line":270,"column":null}},"type":"binary-expr","locations":[{"start":{"line":270,"column":11},"end":{"line":270,"column":43}},{"start":{"line":270,"column":43},"end":{"line":270,"column":null}}],"line":270},"29":{"loc":{"start":{"line":273,"column":11},"end":{"line":273,"column":null}},"type":"binary-expr","locations":[{"start":{"line":273,"column":11},"end":{"line":273,"column":45}},{"start":{"line":273,"column":45},"end":{"line":273,"column":null}}],"line":273},"30":{"loc":{"start":{"line":274,"column":11},"end":{"line":274,"column":null}},"type":"binary-expr","locations":[{"start":{"line":274,"column":11},"end":{"line":274,"column":43}},{"start":{"line":274,"column":43},"end":{"line":274,"column":null}}],"line":274},"31":{"loc":{"start":{"line":275,"column":11},"end":{"line":275,"column":null}},"type":"binary-expr","locations":[{"start":{"line":275,"column":11},"end":{"line":275,"column":50}},{"start":{"line":275,"column":50},"end":{"line":275,"column":null}}],"line":275},"32":{"loc":{"start":{"line":278,"column":11},"end":{"line":278,"column":null}},"type":"binary-expr","locations":[{"start":{"line":278,"column":11},"end":{"line":278,"column":46}},{"start":{"line":278,"column":46},"end":{"line":278,"column":null}}],"line":278},"33":{"loc":{"start":{"line":279,"column":11},"end":{"line":279,"column":null}},"type":"binary-expr","locations":[{"start":{"line":279,"column":11},"end":{"line":279,"column":42}},{"start":{"line":279,"column":42},"end":{"line":279,"column":null}}],"line":279},"34":{"loc":{"start":{"line":281,"column":11},"end":{"line":284,"column":null}},"type":"binary-expr","locations":[{"start":{"line":281,"column":11},"end":{"line":281,"column":49}},{"start":{"line":281,"column":49},"end":{"line":281,"column":null}},{"start":{"line":282,"column":12},"end":{"line":284,"column":null}}],"line":281}},"s":{"0":1,"1":1,"2":1,"3":1,"4":1,"5":5,"6":20,"7":20,"8":3,"9":17,"10":0,"11":17,"12":220,"13":13,"14":8,"15":13,"16":13,"17":8,"18":12,"19":12,"20":8,"21":8,"22":8,"23":13,"24":5,"25":5,"26":5,"27":13,"28":17,"29":49,"30":13,"31":0,"32":0,"33":0,"34":65,"35":65,"36":65,"37":0,"38":0,"39":72,"40":5},"f":{"0":1,"1":1,"2":5,"3":20,"4":220,"5":13,"6":8,"7":8,"8":12,"9":8,"10":5,"11":17,"12":49,"13":0,"14":0,"15":0,"16":65,"17":0,"18":0,"19":72,"20":5},"b":{"0":[1,0],"1":[3,17],"2":[0,17],"3":[9,8],"4":[8,0],"5":[13,0],"6":[0,13],"7":[12,53],"8":[13,13],"9":[1,12],"10":[13,12,12],"11":[12,60],"12":[13,7],"13":[13,1],"14":[13,1],"15":[13,1],"16":[13,1],"17":[13,1],"18":[13,0],"19":[13,0],"20":[13,0],"21":[13,0],"22":[13,0],"23":[13,0],"24":[13,0],"25":[13,0],"26":[13,0],"27":[13,0],"28":[13,0],"29":[13,0],"30":[13,0],"31":[13,0],"32":[13,0],"33":[13,0],"34":[13,1,1]},"meta":{"lastBranch":35,"lastFunction":21,"lastStatement":41,"seen":{"s:30:30:36:Infinity":0,"b:30:46:36:Infinity:36:4:36:Infinity":0,"f:31:4:31:Infinity":0,"s:32:6:36:Infinity":1,"f:32:54:32:61":1,"s:33:8:36:Infinity":2,"s:45:15:103:Infinity":3,"s:105:17:105:Infinity":4,"f:105:24:105:32":2,"s:105:37:105:43":5,"f:107:9:107:24":3,"s:108:16:108:Infinity":6,"b:109:2:109:Infinity:undefined:undefined:undefined:undefined":1,"s:109:2:109:Infinity":7,"s:109:38:109:Infinity":8,"b:111:2:111:Infinity:undefined:undefined:undefined:undefined":2,"s:111:2:111:Infinity":9,"s:111:37:111:Infinity":10,"s:112:2:112:Infinity":11,"b:112:48:112:56:112:56:112:Infinity":3,"f:112:18:112:24":4,"s:112:30:112:44":12,"f:115:9:115:15":5,"s:116:20:118:Infinity":13,"f:116:36:116:Infinity":6,"s:117:4:117:Infinity":14,"b:117:51:117:74:117:74:117:76":4,"s:119:24:119:Infinity":15,"s:122:2:129:Infinity":16,"f:122:2:122:18":7,"s:123:10:126:Infinity":17,"f:123:10:123:31":8,"s:124:19:124:Infinity":18,"s:125:6:125:Infinity":19,"s:127:4:127:Infinity":20,"s:128:4:128:Infinity":21,"f:128:4:128:17":9,"s:128:17:128:Infinity":22,"s:131:8:135:Infinity":23,"f:131:8:131:26":10,"s:132:4:132:Infinity":24,"s:133:4:133:Infinity":25,"s:134:4:134:Infinity":26,"s:137:22:137:Infinity":27,"f:137:29:137:34":11,"s:137:39:137:75":28,"f:137:46:137:51":12,"s:137:56:137:74":29,"s:139:2:288:Infinity":30,"f:145:10:145:25":13,"s:145:25:145:Infinity":31,"b:154:7:154:Infinity:155:8:159:Infinity":5,"f:157:10:157:25":14,"s:157:25:157:Infinity":32,"b:166:28:166:46:166:46:166:Infinity":6,"f:176:12:176:27":15,"s:176:27:176:Infinity":33,"f:187:18:187:23":16,"s:188:29:188:Infinity":34,"s:189:25:189:Infinity":35,"s:190:12:202:Infinity":36,"f:193:16:193:31":17,"s:193:31:193:Infinity":37,"b:196:22:196:Infinity:197:22:197:Infinity":7,"b:207:11:207:Infinity:208:12:219:Infinity":8,"f:210:16:210:31":18,"s:210:31:210:Infinity":38,"b:213:22:213:Infinity:214:22:214:Infinity":9,"b:228:9:228:47:228:47:228:Infinity:229:10:249:9":10,"f:231:32:231:36":19,"s:232:16:242:Infinity":39,"f:234:18:234:33":20,"s:234:33:234:Infinity":40,"b:237:24:237:Infinity:238:24:238:Infinity":11,"b:250:11:250:39:250:39:250:Infinity":12,"b:251:11:251:39:251:39:251:Infinity":13,"b:252:11:252:39:252:39:252:Infinity":14,"b:253:11:253:39:253:39:253:Infinity":15,"b:254:11:254:39:254:39:254:Infinity":16,"b:255:11:255:39:255:39:255:Infinity":17,"b:258:11:258:40:258:40:258:Infinity":18,"b:259:11:259:36:259:36:259:Infinity":19,"b:260:11:260:39:260:39:260:Infinity":20,"b:263:11:263:43:263:43:263:Infinity":21,"b:264:11:264:43:264:43:264:Infinity":22,"b:265:11:265:43:265:43:265:Infinity":23,"b:266:11:266:43:266:43:266:Infinity":24,"b:267:11:267:43:267:43:267:Infinity":25,"b:268:11:268:43:268:43:268:Infinity":26,"b:269:11:269:43:269:43:269:Infinity":27,"b:270:11:270:43:270:43:270:Infinity":28,"b:273:11:273:45:273:45:273:Infinity":29,"b:274:11:274:43:274:43:274:Infinity":30,"b:275:11:275:50:275:50:275:Infinity":31,"b:278:11:278:46:278:46:278:Infinity":32,"b:279:11:279:42:279:42:279:Infinity":33,"b:281:11:281:49:281:49:281:Infinity:282:12:284:Infinity":34},"fnNames":{}}}
,"/Volumes/Disk2/Code/TrendMap/src/AssumptionMonitorPanel.tsx": {"path":"/Volumes/Disk2/Code/TrendMap/src/AssumptionMonitorPanel.tsx","statementMap":{"0":{"start":{"line":5,"column":55},"end":{"line":11,"column":null}},"1":{"start":{"line":13,"column":55},"end":{"line":19,"column":null}},"2":{"start":{"line":21,"column":40},"end":{"line":21,"column":null}},"3":{"start":{"line":24,"column":21},"end":{"line":24,"column":null}},"4":{"start":{"line":25,"column":22},"end":{"line":25,"column":null}},"5":{"start":{"line":26,"column":18},"end":{"line":26,"column":null}},"6":{"start":{"line":28,"column":19},"end":{"line":39,"column":null}},"7":{"start":{"line":29,"column":4},"end":{"line":38,"column":null}},"8":{"start":{"line":30,"column":54},"end":{"line":33,"column":null}},"9":{"start":{"line":34,"column":6},"end":{"line":34,"column":null}},"10":{"start":{"line":35,"column":6},"end":{"line":35,"column":null}},"11":{"start":{"line":37,"column":6},"end":{"line":37,"column":null}},"12":{"start":{"line":41,"column":2},"end":{"line":43,"column":null}},"13":{"start":{"line":42,"column":4},"end":{"line":42,"column":null}},"14":{"start":{"line":45,"column":24},"end":{"line":45,"column":null}},"15":{"start":{"line":45,"column":78},"end":{"line":45,"column":87}},"16":{"start":{"line":47,"column":18},"end":{"line":49,"column":null}},"17":{"start":{"line":48,"column":4},"end":{"line":48,"column":null}},"18":{"start":{"line":51,"column":29},"end":{"line":54,"column":null}},"19":{"start":{"line":52,"column":4},"end":{"line":52,"column":null}},"20":{"start":{"line":53,"column":4},"end":{"line":53,"column":null}},"21":{"start":{"line":56,"column":2},"end":{"line":56,"column":null}},"22":{"start":{"line":56,"column":15},"end":{"line":56,"column":null}},"23":{"start":{"line":58,"column":2},"end":{"line":132,"column":null}},"24":{"start":{"line":74,"column":29},"end":{"line":74,"column":null}},"25":{"start":{"line":75,"column":10},"end":{"line":128,"column":null}},"26":{"start":{"line":120,"column":33},"end":{"line":120,"column":null}},"27":{"start":{"line":124,"column":20},"end":{"line":124,"column":null}}},"fnMap":{"0":{"name":"AssumptionMonitorPanel","decl":{"start":{"line":23,"column":24},"end":{"line":23,"column":49}},"loc":{"start":{"line":23,"column":49},"end":{"line":134,"column":null}},"line":23},"1":{"name":"(anonymous_1)","decl":{"start":{"line":28,"column":19},"end":{"line":28,"column":31}},"loc":{"start":{"line":28,"column":31},"end":{"line":39,"column":null}},"line":28},"2":{"name":"(anonymous_2)","decl":{"start":{"line":41,"column":2},"end":{"line":41,"column":18}},"loc":{"start":{"line":41,"column":18},"end":{"line":43,"column":5}},"line":41},"3":{"name":"(anonymous_3)","decl":{"start":{"line":45,"column":55},"end":{"line":45,"column":60}},"loc":{"start":{"line":45,"column":78},"end":{"line":45,"column":87}},"line":45},"4":{"name":"(anonymous_4)","decl":{"start":{"line":47,"column":18},"end":{"line":47,"column":30}},"loc":{"start":{"line":47,"column":30},"end":{"line":49,"column":null}},"line":47},"5":{"name":"(anonymous_5)","decl":{"start":{"line":51,"column":29},"end":{"line":51,"column":36}},"loc":{"start":{"line":51,"column":76},"end":{"line":54,"column":null}},"line":51},"6":{"name":"(anonymous_6)","decl":{"start":{"line":73,"column":20},"end":{"line":73,"column":24}},"loc":{"start":{"line":73,"column":37},"end":{"line":130,"column":9}},"line":73},"7":{"name":"(anonymous_7)","decl":{"start":{"line":120,"column":18},"end":{"line":120,"column":28}},"loc":{"start":{"line":120,"column":33},"end":{"line":120,"column":null}},"line":120},"8":{"name":"(anonymous_8)","decl":{"start":{"line":123,"column":32},"end":{"line":123,"column":36}},"loc":{"start":{"line":124,"column":20},"end":{"line":124,"column":null}},"line":124}},"branchMap":{"0":{"loc":{"start":{"line":56,"column":2},"end":{"line":56,"column":null}},"type":"if","locations":[{"start":{"line":56,"column":2},"end":{"line":56,"column":null}},{"start":{},"end":{}}],"line":56},"1":{"loc":{"start":{"line":65,"column":7},"end":{"line":69,"column":null}},"type":"binary-expr","locations":[{"start":{"line":65,"column":7},"end":{"line":65,"column":null}},{"start":{"line":66,"column":8},"end":{"line":69,"column":null}}],"line":65},"2":{"loc":{"start":{"line":91,"column":19},"end":{"line":94,"column":null}},"type":"binary-expr","locations":[{"start":{"line":91,"column":19},"end":{"line":91,"column":null}},{"start":{"line":92,"column":20},"end":{"line":94,"column":null}}],"line":91}},"s":{"0":2,"1":2,"2":2,"3":12,"4":12,"5":12,"6":12,"7":7,"8":7,"9":7,"10":7,"11":7,"12":12,"13":6,"14":12,"15":4,"16":12,"17":1,"18":12,"19":1,"20":1,"21":12,"22":6,"23":6,"24":4,"25":4,"26":1,"27":20},"f":{"0":12,"1":7,"2":6,"3":4,"4":1,"5":1,"6":4,"7":1,"8":20},"b":{"0":[6,6],"1":[6,2],"2":[4,4]},"meta":{"lastBranch":3,"lastFunction":9,"lastStatement":28,"seen":{"s:5:55:11:Infinity":0,"s:13:55:19:Infinity":1,"s:21:40:21:Infinity":2,"f:23:24:23:49":0,"s:24:21:24:Infinity":3,"s:25:22:25:Infinity":4,"s:26:18:26:Infinity":5,"s:28:19:39:Infinity":6,"f:28:19:28:31":1,"s:29:4:38:Infinity":7,"s:30:54:33:Infinity":8,"s:34:6:34:Infinity":9,"s:35:6:35:Infinity":10,"s:37:6:37:Infinity":11,"s:41:2:43:Infinity":12,"f:41:2:41:18":2,"s:42:4:42:Infinity":13,"s:45:24:45:Infinity":14,"f:45:55:45:60":3,"s:45:78:45:87":15,"s:47:18:49:Infinity":16,"f:47:18:47:30":4,"s:48:4:48:Infinity":17,"s:51:29:54:Infinity":18,"f:51:29:51:36":5,"s:52:4:52:Infinity":19,"s:53:4:53:Infinity":20,"b:56:2:56:Infinity:undefined:undefined:undefined:undefined":0,"s:56:2:56:Infinity":21,"s:56:15:56:Infinity":22,"s:58:2:132:Infinity":23,"b:65:7:65:Infinity:66:8:69:Infinity":1,"f:73:20:73:24":6,"s:74:29:74:Infinity":24,"s:75:10:128:Infinity":25,"b:91:19:91:Infinity:92:20:94:Infinity":2,"f:120:18:120:28":7,"s:120:33:120:Infinity":26,"f:123:32:123:36":8,"s:124:20:124:Infinity":27},"fnNames":{}}}
,"/Volumes/Disk2/Code/TrendMap/src/AssumptionsScreen.tsx": {"path":"/Volumes/Disk2/Code/TrendMap/src/AssumptionsScreen.tsx","statementMap":{"0":{"start":{"line":6,"column":52},"end":{"line":13,"column":null}},"1":{"start":{"line":15,"column":56},"end":{"line":20,"column":null}},"2":{"start":{"line":22,"column":36},"end":{"line":25,"column":null}},"3":{"start":{"line":28,"column":22},"end":{"line":28,"column":null}},"4":{"start":{"line":29,"column":21},"end":{"line":29,"column":null}},"5":{"start":{"line":30,"column":18},"end":{"line":30,"column":null}},"6":{"start":{"line":32,"column":19},"end":{"line":39,"column":null}},"7":{"start":{"line":33,"column":4},"end":{"line":38,"column":null}},"8":{"start":{"line":34,"column":19},"end":{"line":34,"column":null}},"9":{"start":{"line":35,"column":6},"end":{"line":35,"column":null}},"10":{"start":{"line":37,"column":6},"end":{"line":37,"column":null}},"11":{"start":{"line":41,"column":2},"end":{"line":43,"column":null}},"12":{"start":{"line":42,"column":4},"end":{"line":42,"column":null}},"13":{"start":{"line":45,"column":18},"end":{"line":47,"column":null}},"14":{"start":{"line":46,"column":4},"end":{"line":46,"column":null}},"15":{"start":{"line":49,"column":25},"end":{"line":58,"column":null}},"16":{"start":{"line":50,"column":26},"end":{"line":53,"column":null}},"17":{"start":{"line":54,"column":4},"end":{"line":54,"column":null}},"18":{"start":{"line":54,"column":14},"end":{"line":54,"column":null}},"19":{"start":{"line":55,"column":10},"end":{"line":55,"column":null}},"20":{"start":{"line":56,"column":4},"end":{"line":56,"column":null}},"21":{"start":{"line":57,"column":4},"end":{"line":57,"column":null}},"22":{"start":{"line":60,"column":27},"end":{"line":63,"column":null}},"23":{"start":{"line":61,"column":4},"end":{"line":61,"column":null}},"24":{"start":{"line":62,"column":4},"end":{"line":62,"column":null}},"25":{"start":{"line":65,"column":2},"end":{"line":65,"column":null}},"26":{"start":{"line":65,"column":15},"end":{"line":65,"column":null}},"27":{"start":{"line":67,"column":19},"end":{"line":69,"column":null}},"28":{"start":{"line":69,"column":30},"end":{"line":69,"column":61}},"29":{"start":{"line":71,"column":2},"end":{"line":202,"column":null}},"30":{"start":{"line":96,"column":25},"end":{"line":96,"column":null}},"31":{"start":{"line":101,"column":12},"end":{"line":101,"column":null}},"32":{"start":{"line":118,"column":10},"end":{"line":199,"column":null}},"33":{"start":{"line":162,"column":33},"end":{"line":162,"column":null}},"34":{"start":{"line":172,"column":33},"end":{"line":172,"column":null}},"35":{"start":{"line":182,"column":33},"end":{"line":182,"column":null}},"36":{"start":{"line":192,"column":33},"end":{"line":192,"column":null}}},"fnMap":{"0":{"name":"AssumptionsScreen","decl":{"start":{"line":27,"column":24},"end":{"line":27,"column":44}},"loc":{"start":{"line":27,"column":44},"end":{"line":204,"column":null}},"line":27},"1":{"name":"(anonymous_1)","decl":{"start":{"line":32,"column":19},"end":{"line":32,"column":31}},"loc":{"start":{"line":32,"column":31},"end":{"line":39,"column":null}},"line":32},"2":{"name":"(anonymous_2)","decl":{"start":{"line":41,"column":2},"end":{"line":41,"column":18}},"loc":{"start":{"line":41,"column":18},"end":{"line":43,"column":5}},"line":41},"3":{"name":"(anonymous_3)","decl":{"start":{"line":45,"column":18},"end":{"line":45,"column":30}},"loc":{"start":{"line":45,"column":30},"end":{"line":47,"column":null}},"line":45},"4":{"name":"(anonymous_4)","decl":{"start":{"line":49,"column":25},"end":{"line":49,"column":37}},"loc":{"start":{"line":49,"column":37},"end":{"line":58,"column":null}},"line":49},"5":{"name":"(anonymous_5)","decl":{"start":{"line":60,"column":27},"end":{"line":60,"column":34}},"loc":{"start":{"line":60,"column":75},"end":{"line":63,"column":null}},"line":60},"6":{"name":"(anonymous_6)","decl":{"start":{"line":69,"column":18},"end":{"line":69,"column":25}},"loc":{"start":{"line":69,"column":30},"end":{"line":69,"column":61}},"line":69},"7":{"name":"(anonymous_7)","decl":{"start":{"line":96,"column":10},"end":{"line":96,"column":20}},"loc":{"start":{"line":96,"column":25},"end":{"line":96,"column":null}},"line":96},"8":{"name":"(anonymous_8)","decl":{"start":{"line":100,"column":21},"end":{"line":100,"column":25}},"loc":{"start":{"line":101,"column":12},"end":{"line":101,"column":null}},"line":101},"9":{"name":"(anonymous_9)","decl":{"start":{"line":117,"column":18},"end":{"line":117,"column":22}},"loc":{"start":{"line":118,"column":10},"end":{"line":199,"column":null}},"line":118},"10":{"name":"(anonymous_10)","decl":{"start":{"line":162,"column":18},"end":{"line":162,"column":33}},"loc":{"start":{"line":162,"column":33},"end":{"line":162,"column":null}},"line":162},"11":{"name":"(anonymous_11)","decl":{"start":{"line":172,"column":18},"end":{"line":172,"column":33}},"loc":{"start":{"line":172,"column":33},"end":{"line":172,"column":null}},"line":172},"12":{"name":"(anonymous_12)","decl":{"start":{"line":182,"column":18},"end":{"line":182,"column":33}},"loc":{"start":{"line":182,"column":33},"end":{"line":182,"column":null}},"line":182},"13":{"name":"(anonymous_13)","decl":{"start":{"line":192,"column":18},"end":{"line":192,"column":33}},"loc":{"start":{"line":192,"column":33},"end":{"line":192,"column":null}},"line":192}},"branchMap":{"0":{"loc":{"start":{"line":54,"column":4},"end":{"line":54,"column":null}},"type":"if","locations":[{"start":{"line":54,"column":4},"end":{"line":54,"column":null}},{"start":{},"end":{}}],"line":54},"1":{"loc":{"start":{"line":65,"column":2},"end":{"line":65,"column":null}},"type":"if","locations":[{"start":{"line":65,"column":2},"end":{"line":65,"column":null}},{"start":{},"end":{}}],"line":65},"2":{"loc":{"start":{"line":67,"column":19},"end":{"line":69,"column":null}},"type":"cond-expr","locations":[{"start":{"line":68,"column":6},"end":{"line":68,"column":null}},{"start":{"line":69,"column":6},"end":{"line":69,"column":null}}],"line":67},"3":{"loc":{"start":{"line":104,"column":82},"end":{"line":104,"column":121}},"type":"cond-expr","locations":[{"start":{"line":104,"column":106},"end":{"line":104,"column":112}},{"start":{"line":104,"column":112},"end":{"line":104,"column":121}}],"line":104},"4":{"loc":{"start":{"line":108,"column":7},"end":{"line":112,"column":null}},"type":"binary-expr","locations":[{"start":{"line":108,"column":7},"end":{"line":108,"column":null}},{"start":{"line":109,"column":8},"end":{"line":112,"column":null}}],"line":108},"5":{"loc":{"start":{"line":150,"column":13},"end":{"line":153,"column":null}},"type":"binary-expr","locations":[{"start":{"line":150,"column":13},"end":{"line":150,"column":null}},{"start":{"line":151,"column":14},"end":{"line":153,"column":null}}],"line":150},"6":{"loc":{"start":{"line":158,"column":15},"end":{"line":166,"column":null}},"type":"binary-expr","locations":[{"start":{"line":158,"column":15},"end":{"line":158,"column":null}},{"start":{"line":159,"column":16},"end":{"line":166,"column":null}}],"line":158},"7":{"loc":{"start":{"line":168,"column":15},"end":{"line":176,"column":null}},"type":"binary-expr","locations":[{"start":{"line":168,"column":15},"end":{"line":168,"column":null}},{"start":{"line":169,"column":16},"end":{"line":176,"column":null}}],"line":168},"8":{"loc":{"start":{"line":178,"column":15},"end":{"line":186,"column":null}},"type":"binary-expr","locations":[{"start":{"line":178,"column":15},"end":{"line":178,"column":null}},{"start":{"line":179,"column":16},"end":{"line":186,"column":null}}],"line":178},"9":{"loc":{"start":{"line":188,"column":15},"end":{"line":196,"column":null}},"type":"binary-expr","locations":[{"start":{"line":188,"column":15},"end":{"line":188,"column":null}},{"start":{"line":189,"column":16},"end":{"line":196,"column":null}}],"line":188}},"s":{"0":2,"1":2,"2":2,"3":17,"4":17,"5":17,"6":17,"7":9,"8":9,"9":9,"10":9,"11":17,"12":8,"13":17,"14":1,"15":17,"16":0,"17":0,"18":0,"19":0,"20":0,"21":0,"22":17,"23":1,"24":1,"25":17,"26":8,"27":9,"28":2,"29":17,"30":1,"31":54,"32":7,"33":1,"34":0,"35":0,"36":0},"f":{"0":17,"1":9,"2":8,"3":1,"4":0,"5":1,"6":2,"7":1,"8":54,"9":7,"10":1,"11":0,"12":0,"13":0},"b":{"0":[0,0],"1":[8,9],"2":[8,1],"3":[4,5],"4":[17,3],"5":[7,7],"6":[7,7],"7":[7,7],"8":[7,7],"9":[7,0]},"meta":{"lastBranch":10,"lastFunction":14,"lastStatement":37,"seen":{"s:6:52:13:Infinity":0,"s:15:56:20:Infinity":1,"s:22:36:25:Infinity":2,"f:27:24:27:44":0,"s:28:22:28:Infinity":3,"s:29:21:29:Infinity":4,"s:30:18:30:Infinity":5,"s:32:19:39:Infinity":6,"f:32:19:32:31":1,"s:33:4:38:Infinity":7,"s:34:19:34:Infinity":8,"s:35:6:35:Infinity":9,"s:37:6:37:Infinity":10,"s:41:2:43:Infinity":11,"f:41:2:41:18":2,"s:42:4:42:Infinity":12,"s:45:18:47:Infinity":13,"f:45:18:45:30":3,"s:46:4:46:Infinity":14,"s:49:25:58:Infinity":15,"f:49:25:49:37":4,"s:50:26:53:Infinity":16,"b:54:4:54:Infinity:undefined:undefined:undefined:undefined":0,"s:54:4:54:Infinity":17,"s:54:14:54:Infinity":18,"s:55:10:55:Infinity":19,"s:56:4:56:Infinity":20,"s:57:4:57:Infinity":21,"s:60:27:63:Infinity":22,"f:60:27:60:34":5,"s:61:4:61:Infinity":23,"s:62:4:62:Infinity":24,"b:65:2:65:Infinity:undefined:undefined:undefined:undefined":1,"s:65:2:65:Infinity":25,"s:65:15:65:Infinity":26,"s:67:19:69:Infinity":27,"b:68:6:68:Infinity:69:6:69:Infinity":2,"f:69:18:69:25":6,"s:69:30:69:61":28,"s:71:2:202:Infinity":29,"f:96:10:96:20":7,"s:96:25:96:Infinity":30,"f:100:21:100:25":8,"s:101:12:101:Infinity":31,"b:104:106:104:112:104:112:104:121":3,"b:108:7:108:Infinity:109:8:112:Infinity":4,"f:117:18:117:22":9,"s:118:10:199:Infinity":32,"b:150:13:150:Infinity:151:14:153:Infinity":5,"b:158:15:158:Infinity:159:16:166:Infinity":6,"f:162:18:162:33":10,"s:162:33:162:Infinity":33,"b:168:15:168:Infinity:169:16:176:Infinity":7,"f:172:18:172:33":11,"s:172:33:172:Infinity":34,"b:178:15:178:Infinity:179:16:186:Infinity":8,"f:182:18:182:33":12,"s:182:33:182:Infinity":35,"b:188:15:188:Infinity:189:16:196:Infinity":9,"f:192:18:192:33":13,"s:192:33:192:Infinity":36},"fnNames":{}}}
,"/Volumes/Disk2/Code/TrendMap/src/DecisionBriefScreen.tsx": {"path":"/Volumes/Disk2/Code/TrendMap/src/DecisionBriefScreen.tsx","statementMap":{"0":{"start":{"line":11,"column":17},"end":{"line":11,"column":null}},"1":{"start":{"line":12,"column":18},"end":{"line":12,"column":null}},"2":{"start":{"line":14,"column":19},"end":{"line":21,"column":null}},"3":{"start":{"line":15,"column":4},"end":{"line":20,"column":null}},"4":{"start":{"line":16,"column":22},"end":{"line":16,"column":null}},"5":{"start":{"line":17,"column":6},"end":{"line":17,"column":null}},"6":{"start":{"line":19,"column":6},"end":{"line":19,"column":null}},"7":{"start":{"line":23,"column":2},"end":{"line":25,"column":null}},"8":{"start":{"line":24,"column":4},"end":{"line":24,"column":null}},"9":{"start":{"line":27,"column":18},"end":{"line":29,"column":null}},"10":{"start":{"line":28,"column":4},"end":{"line":28,"column":null}},"11":{"start":{"line":31,"column":25},"end":{"line":43,"column":null}},"12":{"start":{"line":32,"column":16},"end":{"line":32,"column":null}},"13":{"start":{"line":33,"column":4},"end":{"line":33,"column":null}},"14":{"start":{"line":33,"column":14},"end":{"line":33,"column":null}},"15":{"start":{"line":34,"column":61},"end":{"line":39,"column":null}},"16":{"start":{"line":40,"column":10},"end":{"line":40,"column":null}},"17":{"start":{"line":41,"column":4},"end":{"line":41,"column":null}},"18":{"start":{"line":42,"column":4},"end":{"line":42,"column":null}},"19":{"start":{"line":45,"column":2},"end":{"line":45,"column":null}},"20":{"start":{"line":45,"column":15},"end":{"line":45,"column":null}},"21":{"start":{"line":47,"column":17},"end":{"line":49,"column":null}},"22":{"start":{"line":48,"column":31},"end":{"line":48,"column":69}},"23":{"start":{"line":51,"column":2},"end":{"line":157,"column":null}},"24":{"start":{"line":97,"column":14},"end":{"line":100,"column":null}},"25":{"start":{"line":144,"column":34},"end":{"line":144,"column":76}},"26":{"start":{"line":147,"column":20},"end":{"line":150,"column":null}}},"fnMap":{"0":{"name":"DecisionBriefScreen","decl":{"start":{"line":10,"column":24},"end":{"line":10,"column":46}},"loc":{"start":{"line":10,"column":46},"end":{"line":159,"column":null}},"line":10},"1":{"name":"(anonymous_1)","decl":{"start":{"line":14,"column":19},"end":{"line":14,"column":31}},"loc":{"start":{"line":14,"column":31},"end":{"line":21,"column":null}},"line":14},"2":{"name":"(anonymous_2)","decl":{"start":{"line":23,"column":2},"end":{"line":23,"column":18}},"loc":{"start":{"line":23,"column":18},"end":{"line":25,"column":5}},"line":23},"3":{"name":"(anonymous_3)","decl":{"start":{"line":27,"column":18},"end":{"line":27,"column":30}},"loc":{"start":{"line":27,"column":30},"end":{"line":29,"column":null}},"line":27},"4":{"name":"(anonymous_4)","decl":{"start":{"line":31,"column":25},"end":{"line":31,"column":37}},"loc":{"start":{"line":31,"column":37},"end":{"line":43,"column":null}},"line":31},"5":{"name":"(anonymous_5)","decl":{"start":{"line":48,"column":13},"end":{"line":48,"column":21}},"loc":{"start":{"line":48,"column":31},"end":{"line":48,"column":69}},"line":48},"6":{"name":"(anonymous_6)","decl":{"start":{"line":96,"column":14},"end":{"line":96,"column":18}},"loc":{"start":{"line":97,"column":14},"end":{"line":100,"column":null}},"line":97},"7":{"name":"(anonymous_7)","decl":{"start":{"line":144,"column":19},"end":{"line":144,"column":25}},"loc":{"start":{"line":144,"column":34},"end":{"line":144,"column":76}},"line":144},"8":{"name":"(anonymous_8)","decl":{"start":{"line":146,"column":19},"end":{"line":146,"column":23}},"loc":{"start":{"line":147,"column":20},"end":{"line":150,"column":null}},"line":147}},"branchMap":{"0":{"loc":{"start":{"line":33,"column":4},"end":{"line":33,"column":null}},"type":"if","locations":[{"start":{"line":33,"column":4},"end":{"line":33,"column":null}},{"start":{},"end":{}}],"line":33},"1":{"loc":{"start":{"line":45,"column":2},"end":{"line":45,"column":null}},"type":"if","locations":[{"start":{"line":45,"column":2},"end":{"line":45,"column":null}},{"start":{},"end":{}}],"line":45},"2":{"loc":{"start":{"line":47,"column":17},"end":{"line":49,"column":null}},"type":"cond-expr","locations":[{"start":{"line":48,"column":6},"end":{"line":48,"column":null}},{"start":{"line":49,"column":6},"end":{"line":49,"column":null}}],"line":47},"3":{"loc":{"start":{"line":48,"column":31},"end":{"line":48,"column":69}},"type":"cond-expr","locations":[{"start":{"line":48,"column":63},"end":{"line":48,"column":67}},{"start":{"line":48,"column":67},"end":{"line":48,"column":69}}],"line":48},"4":{"loc":{"start":{"line":67,"column":7},"end":{"line":71,"column":null}},"type":"binary-expr","locations":[{"start":{"line":67,"column":7},"end":{"line":67,"column":null}},{"start":{"line":68,"column":8},"end":{"line":71,"column":null}}],"line":67},"5":{"loc":{"start":{"line":74,"column":7},"end":{"line":155,"column":null}},"type":"binary-expr","locations":[{"start":{"line":74,"column":7},"end":{"line":74,"column":null}},{"start":{"line":75,"column":8},"end":{"line":155,"column":null}}],"line":74},"6":{"loc":{"start":{"line":105,"column":11},"end":{"line":113,"column":null}},"type":"binary-expr","locations":[{"start":{"line":105,"column":11},"end":{"line":105,"column":null}},{"start":{"line":106,"column":12},"end":{"line":113,"column":null}}],"line":105},"7":{"loc":{"start":{"line":117,"column":11},"end":{"line":125,"column":null}},"type":"binary-expr","locations":[{"start":{"line":117,"column":11},"end":{"line":117,"column":null}},{"start":{"line":118,"column":12},"end":{"line":125,"column":null}}],"line":117},"8":{"loc":{"start":{"line":129,"column":11},"end":{"line":135,"column":null}},"type":"binary-expr","locations":[{"start":{"line":129,"column":11},"end":{"line":129,"column":null}},{"start":{"line":130,"column":12},"end":{"line":135,"column":null}}],"line":129},"9":{"loc":{"start":{"line":139,"column":11},"end":{"line":153,"column":null}},"type":"binary-expr","locations":[{"start":{"line":139,"column":11},"end":{"line":139,"column":null}},{"start":{"line":140,"column":12},"end":{"line":153,"column":null}}],"line":139}},"s":{"0":7,"1":7,"2":7,"3":4,"4":4,"5":4,"6":4,"7":7,"8":3,"9":7,"10":1,"11":7,"12":1,"13":1,"14":0,"15":1,"16":1,"17":1,"18":1,"19":7,"20":3,"21":4,"22":0,"23":7,"24":6,"25":0,"26":0},"f":{"0":7,"1":4,"2":3,"3":1,"4":1,"5":0,"6":6,"7":0,"8":0},"b":{"0":[0,1],"1":[3,4],"2":[2,2],"3":[0,0],"4":[7,2],"5":[7,2],"6":[2,1],"7":[2,1],"8":[2,1],"9":[2,0]},"meta":{"lastBranch":10,"lastFunction":9,"lastStatement":27,"seen":{"f:10:24:10:46":0,"s:11:17:11:Infinity":0,"s:12:18:12:Infinity":1,"s:14:19:21:Infinity":2,"f:14:19:14:31":1,"s:15:4:20:Infinity":3,"s:16:22:16:Infinity":4,"s:17:6:17:Infinity":5,"s:19:6:19:Infinity":6,"s:23:2:25:Infinity":7,"f:23:2:23:18":2,"s:24:4:24:Infinity":8,"s:27:18:29:Infinity":9,"f:27:18:27:30":3,"s:28:4:28:Infinity":10,"s:31:25:43:Infinity":11,"f:31:25:31:37":4,"s:32:16:32:Infinity":12,"b:33:4:33:Infinity:undefined:undefined:undefined:undefined":0,"s:33:4:33:Infinity":13,"s:33:14:33:Infinity":14,"s:34:61:39:Infinity":15,"s:40:10:40:Infinity":16,"s:41:4:41:Infinity":17,"s:42:4:42:Infinity":18,"b:45:2:45:Infinity:undefined:undefined:undefined:undefined":1,"s:45:2:45:Infinity":19,"s:45:15:45:Infinity":20,"s:47:17:49:Infinity":21,"b:48:6:48:Infinity:49:6:49:Infinity":2,"f:48:13:48:21":5,"s:48:31:48:69":22,"b:48:63:48:67:48:67:48:69":3,"s:51:2:157:Infinity":23,"b:67:7:67:Infinity:68:8:71:Infinity":4,"b:74:7:74:Infinity:75:8:155:Infinity":5,"f:96:14:96:18":6,"s:97:14:100:Infinity":24,"b:105:11:105:Infinity:106:12:113:Infinity":6,"b:117:11:117:Infinity:118:12:125:Infinity":7,"b:129:11:129:Infinity:130:12:135:Infinity":8,"b:139:11:139:Infinity:140:12:153:Infinity":9,"f:144:19:144:25":7,"s:144:34:144:76":25,"f:146:19:146:23":8,"s:147:20:150:Infinity":26},"fnNames":{}}}
,"/Volumes/Disk2/Code/TrendMap/src/DocumentIntake.tsx": {"path":"/Volumes/Disk2/Code/TrendMap/src/DocumentIntake.tsx","statementMap":{"0":{"start":{"line":15,"column":6},"end":{"line":441,"column":null}},"1":{"start":{"line":16,"column":20},"end":{"line":16,"column":null}},"2":{"start":{"line":17,"column":18},"end":{"line":17,"column":null}},"3":{"start":{"line":18,"column":18},"end":{"line":18,"column":null}},"4":{"start":{"line":19,"column":27},"end":{"line":19,"column":null}},"5":{"start":{"line":20,"column":18},"end":{"line":20,"column":null}},"6":{"start":{"line":21,"column":23},"end":{"line":21,"column":null}},"7":{"start":{"line":22,"column":17},"end":{"line":22,"column":null}},"8":{"start":{"line":23,"column":19},"end":{"line":23,"column":null}},"9":{"start":{"line":24,"column":24},"end":{"line":24,"column":null}},"10":{"start":{"line":25,"column":23},"end":{"line":25,"column":null}},"11":{"start":{"line":26,"column":32},"end":{"line":26,"column":null}},"12":{"start":{"line":27,"column":28},"end":{"line":27,"column":null}},"13":{"start":{"line":29,"column":19},"end":{"line":63,"column":null}},"14":{"start":{"line":30,"column":4},"end":{"line":62,"column":null}},"15":{"start":{"line":31,"column":19},"end":{"line":31,"column":null}},"16":{"start":{"line":32,"column":29},"end":{"line":32,"column":null}},"17":{"start":{"line":33,"column":22},"end":{"line":33,"column":null}},"18":{"start":{"line":35,"column":6},"end":{"line":35,"column":null}},"19":{"start":{"line":36,"column":6},"end":{"line":43,"column":null}},"20":{"start":{"line":37,"column":23},"end":{"line":39,"column":null}},"21":{"start":{"line":38,"column":23},"end":{"line":38,"column":35}},"22":{"start":{"line":39,"column":26},"end":{"line":39,"column":95}},"23":{"start":{"line":40,"column":8},"end":{"line":42,"column":null}},"24":{"start":{"line":41,"column":10},"end":{"line":41,"column":null}},"25":{"start":{"line":45,"column":6},"end":{"line":45,"column":null}},"26":{"start":{"line":46,"column":24},"end":{"line":46,"column":null}},"27":{"start":{"line":46,"column":72},"end":{"line":46,"column":81}},"28":{"start":{"line":48,"column":23},"end":{"line":55,"column":null}},"29":{"start":{"line":49,"column":23},"end":{"line":49,"column":null}},"30":{"start":{"line":50,"column":8},"end":{"line":54,"column":null}},"31":{"start":{"line":57,"column":6},"end":{"line":57,"column":null}},"32":{"start":{"line":59,"column":6},"end":{"line":59,"column":null}},"33":{"start":{"line":61,"column":6},"end":{"line":61,"column":null}},"34":{"start":{"line":65,"column":2},"end":{"line":67,"column":null}},"35":{"start":{"line":66,"column":4},"end":{"line":66,"column":null}},"36":{"start":{"line":69,"column":24},"end":{"line":90,"column":null}},"37":{"start":{"line":70,"column":4},"end":{"line":70,"column":null}},"38":{"start":{"line":70,"column":31},"end":{"line":70,"column":56}},"39":{"start":{"line":71,"column":4},"end":{"line":89,"column":null}},"40":{"start":{"line":72,"column":25},"end":{"line":72,"column":null}},"41":{"start":{"line":75,"column":24},"end":{"line":75,"column":null}},"42":{"start":{"line":75,"column":51},"end":{"line":75,"column":55}},"43":{"start":{"line":76,"column":6},"end":{"line":76,"column":null}},"44":{"start":{"line":78,"column":6},"end":{"line":78,"column":null}},"45":{"start":{"line":79,"column":6},"end":{"line":79,"column":null}},"46":{"start":{"line":81,"column":6},"end":{"line":81,"column":null}},"47":{"start":{"line":82,"column":6},"end":{"line":82,"column":null}},"48":{"start":{"line":84,"column":6},"end":{"line":88,"column":null}},"49":{"start":{"line":85,"column":21},"end":{"line":85,"column":null}},"50":{"start":{"line":86,"column":8},"end":{"line":86,"column":null}},"51":{"start":{"line":87,"column":8},"end":{"line":87,"column":null}},"52":{"start":{"line":92,"column":24},"end":{"line":92,"column":null}},"53":{"start":{"line":92,"column":48},"end":{"line":92,"column":90}},"54":{"start":{"line":94,"column":8},"end":{"line":101,"column":null}},"55":{"start":{"line":95,"column":4},"end":{"line":100,"column":null}},"56":{"start":{"line":96,"column":19},"end":{"line":96,"column":null}},"57":{"start":{"line":97,"column":6},"end":{"line":98,"column":null}},"58":{"start":{"line":97,"column":27},"end":{"line":97,"column":null}},"59":{"start":{"line":98,"column":11},"end":{"line":98,"column":null}},"60":{"start":{"line":99,"column":6},"end":{"line":99,"column":null}},"61":{"start":{"line":103,"column":8},"end":{"line":109,"column":null}},"62":{"start":{"line":104,"column":4},"end":{"line":108,"column":null}},"63":{"start":{"line":105,"column":6},"end":{"line":105,"column":null}},"64":{"start":{"line":107,"column":6},"end":{"line":107,"column":null}},"65":{"s
[...]
6:Infinity":21,"b:417:18:417:39:417:39:417:Infinity":22,"b:418:24:418:51:418:51:418:Infinity":23,"b:419:22:419:47:419:47:419:Infinity":24,"b:420:22:420:47:420:47:420:Infinity":25,"b:421:14:421:31:421:31:421:Infinity":26,"b:422:13:422:29:422:29:422:Infinity":27,"s:424:4:424:Infinity":133,"s:425:4:425:Infinity":134,"f:425:49:425:54":79,"s:425:65:425:74":135,"f:428:8:428:24":80,"s:429:21:429:Infinity":136,"s:430:21:439:Infinity":137,"f:430:31:430:36":81,"s:430:57:439:6":138,"b:431:10:431:25:431:25:431:Infinity":28,"b:432:16:432:37:432:37:432:Infinity":29,"b:433:13:433:31:433:31:433:Infinity":30,"b:434:21:434:47:434:47:434:Infinity":31,"b:435:15:435:35:435:35:435:Infinity":32,"b:436:11:436:27:436:27:436:Infinity":33,"b:437:23:437:51:437:51:437:Infinity":34,"b:438:26:438:57:438:57:438:Infinity":35,"s:440:19:440:Infinity":139,"s:441:4:445:Infinity":140,"s:442:20:442:Infinity":141,"f:442:27:442:38":82,"s:442:47:442:70":142,"b:443:6:444:Infinity:444:11:444:Infinity":36,"s:443:6:444:Infinity":143,"s:443:22:443:Infinity":144,"s:444:11:444:Infinity":145,"s:446:4:446:Infinity":146,"s:447:4:447:Infinity":147,"f:447:51:447:56":83,"s:447:69:447:80":148,"f:450:8:450:65":84,"s:451:4:461:Infinity":149,"f:464:8:464:57":85,"s:465:19:472:Infinity":150,"f:466:7:466:15":86,"s:466:25:466:107":151,"b:466:25:466:56:466:56:466:107":37,"f:467:7:467:12":87,"s:467:23:472:8":152,"s:473:4:486:Infinity":153,"b:474:30:474:43:474:43:474:Infinity":38,"b:481:32:481:45:481:45:481:Infinity":39,"f:489:8:489:36":88,"s:490:21:490:Infinity":154,"s:491:4:497:Infinity":155,"f:495:37:495:42":89,"s:495:51:495:64":156,"f:496:24:496:29":90,"s:496:38:496:45":157,"f:500:8:500:38":91,"b:500:64:500:104":40,"s:501:4:506:Infinity":158,"f:509:8:509:35":92,"s:510:19:510:Infinity":159,"f:510:41:510:47":93,"s:510:56:510:76":160,"s:511:22:511:Infinity":161,"f:511:46:511:54":94,"s:511:67:511:97":162,"s:512:21:512:Infinity":163,"f:512:42:512:51":95,"s:512:61:512:99":164,"f:512:101:512:109":96,"s:512:118:512:144":165,"s:513:29:515:Infinity":166,"b:514:8:514:Infinity:515:8:515:Infinity":41,"s:516:4:525:Infinity":167,"b:519:24:519:52:519:52:519:Infinity":42,"b:520:22:520:48:520:48:520:Infinity":43,"b:521:22:521:48:521:48:521:Infinity":44,"f:528:8:528:28":97,"s:529:24:529:Infinity":168,"f:529:50:529:58":98,"s:529:73:529:120":169,"b:529:73:529:90:529:90:529:120":45,"s:530:30:532:Infinity":170,"b:531:8:531:Infinity:532:8:532:Infinity":46,"f:531:20:531:28":99,"s:531:48:531:89":171,"b:531:55:531:85:531:85:531:89":47,"s:533:4:540:Infinity":172,"b:539:43:539:87:539:87:539:Infinity":48,"f:543:2:543:10":100,"b:544:4:544:Infinity:undefined:undefined:undefined:undefined":49,"s:544:4:544:Infinity":173,"s:544:29:544:Infinity":174,"s:545:27:545:Infinity":175,"s:546:17:546:Infinity":176,"f:546:24:546:32":101,"s:546:42:546:72":177,"s:547:4:547:Infinity":178,"f:550:2:550:10":102,"s:551:4:558:Infinity":179,"f:561:2:561:10":103,"s:562:4:566:Infinity":180},"fnNames":{}}}
,"/Volumes/Disk2/Code/TrendMap/src/repository/index.ts": {"path":"/Volumes/Disk2/Code/TrendMap/src/repository/index.ts","statementMap":{"0":{"start":{"line":5,"column":22},"end":{"line":5,"column":null}},"1":{"start":{"line":6,"column":24},"end":{"line":6,"column":null}},"2":{"start":{"line":9,"column":12},"end":{"line":9,"column":null}},"3":{"start":{"line":10,"column":15},"end":{"line":10,"column":null}},"4":{"start":{"line":11,"column":17},"end":{"line":11,"column":null}},"5":{"start":{"line":12,"column":19},"end":{"line":12,"column":null}},"6":{"start":{"line":14,"column":52},"end":{"line":14,"column":null}},"7":{"start":{"line":17,"column":2},"end":{"line":17,"column":null}},"8":{"start":{"line":17,"column":36},"end":{"line":17,"column":null}},"9":{"start":{"line":18,"column":21},"end":{"line":18,"column":null}},"10":{"start":{"line":19,"column":18},"end":{"line":19,"column":null}},"11":{"start":{"line":19,"column":59},"end":{"line":19,"column":79}},"12":{"start":{"line":20,"column":2},"end":{"line":30,"column":null}},"13":{"start":{"line":21,"column":21},"end":{"line":24,"column":null}},"14":{"start":{"line":25,"column":4},"end":{"line":25,"column":null}},"15":{"start":{"line":27,"column":4},"end":{"line":27,"column":null}},"16":{"start":{"line":29,"column":4},"end":{"line":29,"column":null}},"17":{"start":{"line":29,"column":17},"end":{"line":29,"column":null}},"18":{"start":{"line":34,"column":2},"end":{"line":34,"column":null}},"19":{"start":{"line":34,"column":16},"end":{"line":34,"column":null}},"20":{"start":{"line":35,"column":2},"end":{"line":35,"column":null}},"21":{"start":{"line":35,"column":28},"end":{"line":35,"column":null}},"22":{"start":{"line":36,"column":2},"end":{"line":36,"column":null}},"23":{"start":{"line":36,"column":26},"end":{"line":36,"column":null}},"24":{"start":{"line":38,"column":2},"end":{"line":41,"column":null}},"25":{"start":{"line":39,"column":4},"end":{"line":39,"column":null}},"26":{"start":{"line":40,"column":4},"end":{"line":40,"column":null}},"27":{"start":{"line":43,"column":2},"end":{"line":43,"column":null}},"28":{"start":{"line":47,"column":2},"end":{"line":47,"column":null}},"29":{"start":{"line":47,"column":16},"end":{"line":47,"column":null}},"30":{"start":{"line":48,"column":2},"end":{"line":48,"column":null}},"31":{"start":{"line":48,"column":28},"end":{"line":48,"column":null}},"32":{"start":{"line":49,"column":2},"end":{"line":49,"column":null}},"33":{"start":{"line":49,"column":44},"end":{"line":49,"column":null}},"34":{"start":{"line":50,"column":2},"end":{"line":50,"column":null}},"35":{"start":{"line":53,"column":43},"end":{"line":62,"column":null}},"36":{"start":{"line":55,"column":4},"end":{"line":60,"column":null}},"37":{"start":{"line":56,"column":19},"end":{"line":56,"column":null}},"38":{"start":{"line":57,"column":22},"end":{"line":57,"column":null}},"39":{"start":{"line":58,"column":6},"end":{"line":58,"column":null}},"40":{"start":{"line":58,"column":40},"end":{"line":58,"column":null}},"41":{"start":{"line":59,"column":6},"end":{"line":59,"column":null}},"42":{"start":{"line":67,"column":46},"end":{"line":71,"column":null}}},"fnMap":{"0":{"name":"backendIsReachable","decl":{"start":{"line":16,"column":15},"end":{"line":16,"column":54}},"loc":{"start":{"line":16,"column":54},"end":{"line":31,"column":null}},"line":16},"1":{"name":"(anonymous_1)","decl":{"start":{"line":19,"column":42},"end":{"line":19,"column":59}},"loc":{"start":{"line":19,"column":59},"end":{"line":19,"column":79}},"line":19},"2":{"name":"resolveRepository","decl":{"start":{"line":33,"column":15},"end":{"line":33,"column":64}},"loc":{"start":{"line":33,"column":64},"end":{"line":44,"column":null}},"line":33},"3":{"name":"getRepositoryMode","decl":{"start":{"line":46,"column":22},"end":{"line":46,"column":68}},"loc":{"start":{"line":46,"column":68},"end":{"line":51,"column":null}},"line":46},"4":{"name":"get","decl":{"start":{"line":54,"column":2},"end":{"line":54,"column":6}},"loc":{"start":{"line":54,"column":21},"end":{"line":61,"column":null}},"line":54},"5":{"name":"(anonymous_5)","decl":{"start":{"line":55,"column":11},"end":{"line":55,"column":18}},"loc":{"start":{"line":55,"column":37},"end":{"line":60,"column":null}},"line":55}},"branchMap":{"0":{"loc":{"start":{"line":9,"column":12},"end":{"line":9,"column":null}},"type":"cond-expr","locations":[{"start":{"line":9,"column":50},"end":{"line":9,"column":76}},{"start":{"line":9,"column":76},"end":{"line":9,"column":null}}],"line":9},"1":{"loc":{"start":{"line":17,"column":2},"end":{"line":17,"column":null}},"type":"if","locations":[{"start":{"line":17,"column":2},"end":{"line":17,"column":null}},{"start":{},"end":{}}],"line":17},"2":{"loc":{"start":{"line":18,"column":21},"end":{"line":18,"column":null}},"type":"cond-expr","locations":[{"start":{"line":18,"column":62},"end":{"line":18,"column":86}},{"start":{"line":18,"column":86},"end":{"line":18,"column":null}}],"line":18},"3":{"loc":{"start":{"line":19,"column":18},"end":{"line":19,"column":null}},"type":"cond-expr","locations":[{"start":{"line":19,"column":31},"end":{"line":19,"column":87}},{"start":{"line":19,"column":87},"end":{"line":19,"column":null}}],"line":19},"4":{"loc":{"start":{"line":29,"column":4},"end":{"line":29,"column":null}},"type":"if","locations":[{"start":{"line":29,"column":4},"end":{"line":29,"column":null}},{"start":{},"end":{}}],"line":29},"5":{"loc":{"start":{"line":34,"column":2},"end":{"line":34,"column":null}},"type":"if","locations":[{"start":{"line":34,"column":2},"end":{"line":34,"column":null}},{"start":{},"end":{}}],"line":34},"6":{"loc":{"start":{"line":35,"column":2},"end":{"line":35,"column":null}},"type":"if","locations":[{"start":{"line":35,"column":2},"end":{"line":35,"column":null}},{"start":{},"end":{}}],"line":35},"7":{"loc":{"start":{"line":35,"column":6},"end":{"line":35,"column":28}},"type":"binary-expr","locations":[{"start":{"line":35,"column":6},"end":{"line":35,"column":20}},{"start":{"line":35,"column":20},"end":{"line":35,"column":28}}],"line":35},"8":{"loc":{"start":{"line":36,"column":2},"end":{"line":36,"column":null}},"type":"if","locations":[{"start":{"line":36,"column":2},"end":{"line":36,"column":null}},{"start":{},"end":{}}],"line":36},"9":{"loc":{"start":{"line":38,"column":2},"end":{"line":41,"column":null}},"type":"if","locations":[{"start":{"line":38,"column":2},"end":{"line":41,"column":null}},{"start":{},"end":{}}],"line":38},"10":{"loc":{"start":{"line":47,"column":2},"end":{"line":47,"column":null}},"type":"if","locations":[{"start":{"line":47,"column":2},"end":{"line":47,"column":null}},{"start":{},"end":{}}],"line":47},"11":{"loc":{"start":{"line":48,"column":2},"end":{"line":48,"column":null}},"type":"if","locations":[{"start":{"line":48,"column":2},"end":{"line":48,"column":null}},{"start":{},"end":{}}],"line":48},"12":{"loc":{"start":{"line":48,"column":6},"end":{"line":48,"column":28}},"type":"binary-expr","locations":[{"start":{"line":48,"column":6},"end":{"line":48,"column":20}},{"start":{"line":48,"column":20},"end":{"line":48,"column":28}}],"line":48},"13":{"loc":{"start":{"line":49,"column":2},"end":{"line":49,"column":null}},"type":"if","locations":[{"start":{"line":49,"column":2},"end":{"line":49,"column":null}},{"start":{},"end":{}}],"line":49},"14":{"loc":{"start":{"line":50,"column":10},"end":{"line":50,"column":null}},"type":"cond-expr","locations":[{"start":{"line":50,"column":40},"end":{"line":50,"column":48}},{"start":{"line":50,"column":48},"end":{"line":50,"column":null}}],"line":50},"15":{"loc":{"start":{"line":58,"column":6},"end":{"line":58,"column":null}},"type":"if","locations":[{"start":{"line":58,"column":6},"end":{"line":58,"column":null}},{"start":{},"end":{}}],"line":58},"16":{"loc":{"start":{"line":67,"column":46},"end":{"line":71,"column":null}},"type":"cond-expr","locations":[{"start":{"line":68,"column":4},"end":{"line":68,"column":null}},{"start":{"line":69,"column":5},"end":{"line":71,"column":null}}],"line":67},"17":{"loc":{"start":{"line":69,"column":5},"end":{"line":71,"column":null}},"type":"cond-expr","locations":[{"start":{"line":70,"column":6},"end":{"line":70,"column":null}},{"start":{"line":71,"column":6},"end":{"line":71,"column":null}}],"line":69},"18":{"loc":{"start":{"line":69,"column":5},"end":{"line":69,"column":null}},"type":"binary-expr","locations":[{"start":{"line":69,"column":5},"end":{"line":69,"column":19}},{"start":{"line":69,"column":19},"end":{"line":69,"column":null}}],"line":69}},"s":{"0":17,"1":17,"2":17,"3":17,"4":17,"5":17,"6":17,"7":0,"8":0,"9":0,"10":0,"11":0,"12":0,"13":0,"14":0,"15":0,"16":0,"17":0,"18":0,"19":0,"20":0,"21":0,"22":0,"23":0,"24":0,"25":0,"26":0,"27":0,"28":18,"29":0,"30":18,"31":18,"32":0,"33":0,"34":0,"35":17,"36":0,"37":0,"38":0,"39":0,"40":0,"41":0,"42":17},"f":{"0":0,"1":0,"2":0,"3":18,"4":0,"5":0},"b":{"0":[17,0],"1":[0,0],"2":[0,0],"3":[0,0],"4":[0,0],"5":[0,0],"6":[0,0],"7":[0,0],"8":[0,0],"9":[0,0],"10":[0,18],"11":[18,0],"12":[18,18],"13":[0,0],"14":[0,0],"15":[0,0],"16":[0,17],"17":[17,0],"18":[17,17]},"meta":{"lastBranch":19,"lastFunction":6,"lastStatement":43,"seen":{"s:5:22:5:Infinity":0,"s:6:24:6:Infinity":1,"s:9:12:9:Infinity":2,"b:9:50:9:76:9:76:9:Infinity":0,"s:10:15:10:Infinity":3,"s:11:17:11:Infinity":4,"s:12:19:12:Infinity":5,"s:14:52:14:Infinity":6,"f:16:15:16:54":0,"b:17:2:17:Infinity:undefined:undefined:undefined:undefined":1,"s:17:2:17:Infinity":7,"s:17:36:17:Infinity":8,"s:18:21:18:Infinity":9,"b:18:62:18:86:18:86:18:Infinity":2,"s:19:18:19:Infinity":10,"b:19:31:19:87:19:87:19:Infinity":3,"f:19:42:19:59":1,"s:19:59:19:79":11,"s:20:2:30:Infinity":12,"s:21:21:24:Infinity":13,"s:25:4:25:Infinity":14,"s:27:4:27:Infinity":15,"b:29:4:29:Infinity:undefined:undefined:undefined:undefined":4,"s:29:4:29:Infinity":16,"s:29:17:29:Infinity":17,"f:33:15:33:64":2,"b:34:2:34:Infinity:undefined:undefined:undefined:undefined":5,"s:34:2:34:Infinity":18,"s:34:16:34:Infinity":19,"b:35:2:35:Infinity:undefined:undefined:undefined:undefined":6,"s:35:2:35:Infinity":20,"b:35:6:35:20:35:20:35:28":7,"s:35:28:35:Infinity":21,"b:36:2:36:Infinity:undefined:undefined:undefined:undefined":8,"s:36:2:36:Infinity":22,"s:36:26:36:Infinity":23,"b:38:2:41:Infinity:undefined:undefined:undefined:undefined":9,"s:38:2:41:Infinity":24,"s:39:4:39:Infinity":25,"s:40:4:40:Infinity":26,"s:43:2:43:Infinity":27,"f:46:22:46:68":3,"b:47:2:47:Infinity:undefined:undefined:undefined:undefined":10,"s:47:2:47:Infinity":28,"s:47:16:47:Infinity":29,"b:48:2:48:Infinity:undefined:undefined:undefined:undefined":11,"s:48:2:48:Infinity":30,"b:48:6:48:20:48:20:48:28":12,"s:48:28:48:Infinity":31,"b:49:2:49:Infinity:undefined:undefined:undefined:undefined":13,"s:49:2:49:Infinity":32,"s:49:44:49:Infinity":33,"s:50:2:50:Infinity":34,"b:50:40:50:48:50:48:50:Infinity":14,"s:53:43:62:Infinity":35,"f:54:2:54:6":4,"s:55:4:60:Infinity":36,"f:55:11:55:18":5,"s:56:19:56:Infinity":37,"s:57:22:57:Infinity":38,"b:58:6:58:Infinity:undefined:undefined:undefined:undefined":15,"s:58:6:58:Infinity":39,"s:58:40:58:Infinity":40,"s:59:6:59:Infinity":41,"s:67:46:71:Infinity":42,"b:68:4:68:Infinity:69:5:71:Infinity":16,"b:70:6:70:Infinity:71:6:71:Infinity":17,"b:69:5:69:19:69:19:69:Infinity":18},"fnNames":{}}}
,"/Volumes/Disk2/Code/TrendMap/src/utils/caseConvert.ts": {"path":"/Volumes/Disk2/Code/TrendMap/src/utils/caseConvert.ts","statementMap":{"0":{"start":{"line":2,"column":2},"end":{"line":2,"column":null}},"1":{"start":{"line":2,"column":41},"end":{"line":2,"column":59}},"2":{"start":{"line":6,"column":2},"end":{"line":6,"column":null}},"3":{"start":{"line":6,"column":43},"end":{"line":6,"column":69}},"4":{"start":{"line":10,"column":2},"end":{"line":20,"column":null}},"5":{"start":{"line":11,"column":4},"end":{"line":11,"column":null}},"6":{"start":{"line":11,"column":24},"end":{"line":11,"column":38}},"7":{"start":{"line":12,"column":9},"end":{"line":20,"column":null}},"8":{"start":{"line":13,"column":4},"end":{"line":19,"column":null}},"9":{"start":{"line":14,"column":24},"end":{"line":17,"column":null}},"10":{"start":{"line":21,"column":2},"end":{"line":21,"column":null}},"11":{"start":{"line":25,"column":2},"end":{"line":35,"column":null}},"12":{"start":{"line":26,"column":4},"end":{"line":26,"column":null}},"13":{"start":{"line":26,"column":24},"end":{"line":26,"column":38}},"14":{"start":{"line":27,"column":9},"end":{"line":35,"column":null}},"15":{"start":{"line":28,"column":4},"end":{"line":34,"column":null}},"16":{"start":{"line":29,"column":24},"end":{"line":32,"column":null}},"17":{"start":{"line":36,"column":2},"end":{"line":36,"column":null}}},"fnMap":{"0":{"name":"toCamelCase","decl":{"start":{"line":1,"column":16},"end":{"line":1,"column":28}},"loc":{"start":{"line":1,"column":49},"end":{"line":3,"column":null}},"line":1},"1":{"name":"(anonymous_1)","decl":{"start":{"line":2,"column":21},"end":{"line":2,"column":35}},"loc":{"start":{"line":2,"column":41},"end":{"line":2,"column":59}},"line":2},"2":{"name":"toSnakeCase","decl":{"start":{"line":5,"column":16},"end":{"line":5,"column":28}},"loc":{"start":{"line":5,"column":49},"end":{"line":7,"column":null}},"line":5},"3":{"name":"(anonymous_3)","decl":{"start":{"line":6,"column":21},"end":{"line":6,"column":32}},"loc":{"start":{"line":6,"column":43},"end":{"line":6,"column":69}},"line":6},"4":{"name":"keysToCamel","decl":{"start":{"line":9,"column":16},"end":{"line":9,"column":28}},"loc":{"start":{"line":9,"column":43},"end":{"line":22,"column":null}},"line":9},"5":{"name":"(anonymous_5)","decl":{"start":{"line":11,"column":15},"end":{"line":11,"column":19}},"loc":{"start":{"line":11,"column":24},"end":{"line":11,"column":38}},"line":11},"6":{"name":"(anonymous_6)","decl":{"start":{"line":13,"column":28},"end":{"line":13,"column":null}},"loc":{"start":{"line":14,"column":24},"end":{"line":17,"column":null}},"line":14},"7":{"name":"keysToSnake","decl":{"start":{"line":24,"column":16},"end":{"line":24,"column":28}},"loc":{"start":{"line":24,"column":43},"end":{"line":37,"column":null}},"line":24},"8":{"name":"(anonymous_8)","decl":{"start":{"line":26,"column":15},"end":{"line":26,"column":19}},"loc":{"start":{"line":26,"column":24},"end":{"line":26,"column":38}},"line":26},"9":{"name":"(anonymous_9)","decl":{"start":{"line":28,"column":28},"end":{"line":28,"column":null}},"loc":{"start":{"line":29,"column":24},"end":{"line":32,"column":null}},"line":29}},"branchMap":{"0":{"loc":{"start":{"line":10,"column":2},"end":{"line":20,"column":null}},"type":"if","locations":[{"start":{"line":10,"column":2},"end":{"line":20,"column":null}},{"start":{"line":12,"column":9},"end":{"line":20,"column":null}}],"line":10},"1":{"loc":{"start":{"line":12,"column":9},"end":{"line":20,"column":null}},"type":"if","locations":[{"start":{"line":12,"column":9},"end":{"line":20,"column":null}},{"start":{},"end":{}}],"line":12},"2":{"loc":{"start":{"line":12,"column":13},"end":{"line":12,"column":57}},"type":"binary-expr","locations":[{"start":{"line":12,"column":13},"end":{"line":12,"column":29}},{"start":{"line":12,"column":29},"end":{"line":12,"column":57}}],"line":12},"3":{"loc":{"start":{"line":25,"column":2},"end":{"line":35,"column":null}},"type":"if","locations":[{"start":{"line":25,"column":2},"end":{"line":35,"column":null}},{"start":{"line":27,"column":9},"end":{"line":35,"column":null}}],"line":25},"4":{"loc":{"start":{"line":27,"column":9},"end":{"line":35,"column":null}},"type":"if","locations":[{"start":{"line":27,"column":9},"end":{"line":35,"column":null}},{"start":{},"end":{}}],"line":27},"5":{"loc":{"start":{"line":27,"column":13},"end":{"line":27,"column":57}},"type":"binary-expr","locations":[{"start":{"line":27,"column":13},"end":{"line":27,"column":29}},{"start":{"line":27,"column":29},"end":{"line":27,"column":57}}],"line":27}},"s":{"0":102,"1":62,"2":11,"3":0,"4":145,"5":29,"6":26,"7":116,"8":26,"9":102,"10":90,"11":19,"12":1,"13":1,"14":18,"15":8,"16":11,"17":10},"f":{"0":102,"1":62,"2":11,"3":0,"4":145,"5":26,"6":102,"7":19,"8":1,"9":11},"b":{"0":[29,116],"1":[26,90],"2":[116,116],"3":[1,18],"4":[8,10],"5":[18,18]},"meta":{"lastBranch":6,"lastFunction":10,"lastStatement":18,"seen":{"f:1:16:1:28":0,"s:2:2:2:Infinity":0,"f:2:21:2:35":1,"s:2:41:2:59":1,"f:5:16:5:28":2,"s:6:2:6:Infinity":2,"f:6:21:6:32":3,"s:6:43:6:69":3,"f:9:16:9:28":4,"b:10:2:20:Infinity:12:9:20:Infinity":0,"s:10:2:20:Infinity":4,"s:11:4:11:Infinity":5,"f:11:15:11:19":5,"s:11:24:11:38":6,"b:12:9:20:Infinity:undefined:undefined:undefined:undefined":1,"s:12:9:20:Infinity":7,"b:12:13:12:29:12:29:12:57":2,"s:13:4:19:Infinity":8,"f:13:28:13:Infinity":6,"s:14:24:17:Infinity":9,"s:21:2:21:Infinity":10,"f:24:16:24:28":7,"b:25:2:35:Infinity:27:9:35:Infinity":3,"s:25:2:35:Infinity":11,"s:26:4:26:Infinity":12,"f:26:15:26:19":8,"s:26:24:26:38":13,"b:27:9:35:Infinity:undefined:undefined:undefined:undefined":4,"s:27:9:35:Infinity":14,"b:27:13:27:29:27:29:27:57":5,"s:28:4:34:Infinity":15,"f:28:28:28:Infinity":9,"s:29:24:32:Infinity":16,"s:36:2:36:Infinity":17},"fnNames":{}}}
}
